[2023-11-17 04:48:39] local.ERROR: Trying to get property 'type' of non-object {"userId":2,"exception":"[object] (ErrorException(code: 0): Trying to get property 'type' of non-object at /home/pd/Desktop/Me/Projects/HMS/totalhms-backend/private/app/Http/Controllers/StatementController.php:231)
[stacktrace]
#0 /home/pd/Desktop/Me/Projects/HMS/totalhms-backend/private/app/Http/Controllers/StatementController.php(231): Illuminate\\Foundation\\Bootstrap\\HandleExceptions->handleError()
#1 [internal function]: App\\Http\\Controllers\\StatementController->index()
#2 /home/pd/Desktop/Me/Projects/HMS/totalhms-backend/private/vendor/laravel/framework/src/Illuminate/Routing/Controller.php(54): call_user_func_array()
#3 /home/pd/Desktop/Me/Projects/HMS/totalhms-backend/private/vendor/laravel/framework/src/Illuminate/Routing/ControllerDispatcher.php(45): Illuminate\\Routing\\Controller->callAction()
#4 /home/pd/Desktop/Me/Projects/HMS/totalhms-backend/private/vendor/laravel/framework/src/Illuminate/Routing/Route.php(219): Illuminate\\Routing\\ControllerDispatcher->dispatch()
#5 /home/pd/Desktop/Me/Projects/HMS/totalhms-backend/private/vendor/laravel/framework/src/Illuminate/Routing/Route.php(176): Illuminate\\Routing\\Route->runController()
#6 /home/pd/Desktop/Me/Projects/HMS/totalhms-backend/private/vendor/laravel/framework/src/Illuminate/Routing/Router.php(680): Illuminate\\Routing\\Route->run()
#7 /home/pd/Desktop/Me/Projects/HMS/totalhms-backend/private/vendor/laravel/framework/src/Illuminate/Routing/Pipeline.php(30): Illuminate\\Routing\\Router->Illuminate\\Routing\\{closure}()
#8 /home/pd/Desktop/Me/Projects/HMS/totalhms-backend/private/app/Http/Middleware/JwtMiddleware.php(40): Illuminate\\Routing\\Pipeline->Illuminate\\Routing\\{closure}()
#9 /home/pd/Desktop/Me/Projects/HMS/totalhms-backend/private/vendor/laravel/framework/src/Illuminate/Pipeline/Pipeline.php(163): App\\Http\\Middleware\\JwtMiddleware->handle()
#10 /home/pd/Desktop/Me/Projects/HMS/totalhms-backend/private/vendor/laravel/framework/src/Illuminate/Routing/Pipeline.php(53): Illuminate\\Pipeline\\Pipeline->Illuminate\\Pipeline\\{closure}()
#11 /home/pd/Desktop/Me/Projects/HMS/totalhms-backend/private/vendor/laravel/framework/src/Illuminate/Routing/Middleware/SubstituteBindings.php(41): Illuminate\\Routing\\Pipeline->Illuminate\\Routing\\{closure}()
#12 /home/pd/Desktop/Me/Projects/HMS/totalhms-backend/private/vendor/laravel/framework/src/Illuminate/Pipeline/Pipeline.php(163): Illuminate\\Routing\\Middleware\\SubstituteBindings->handle()
#13 /home/pd/Desktop/Me/Projects/HMS/totalhms-backend/private/vendor/laravel/framework/src/Illuminate/Routing/Pipeline.php(53): Illuminate\\Pipeline\\Pipeline->Illuminate\\Pipeline\\{closure}()
#14 /home/pd/Desktop/Me/Projects/HMS/totalhms-backend/private/app/Http/Middleware/Localization.php(20): Illuminate\\Routing\\Pipeline->Illuminate\\Routing\\{closure}()
#15 /home/pd/Desktop/Me/Projects/HMS/totalhms-backend/private/vendor/laravel/framework/src/Illuminate/Pipeline/Pipeline.php(163): App\\Http\\Middleware\\Localization->handle()
#16 /home/pd/Desktop/Me/Projects/HMS/totalhms-backend/private/vendor/laravel/framework/src/Illuminate/Routing/Pipeline.php(53): Illuminate\\Pipeline\\Pipeline->Illuminate\\Pipeline\\{closure}()
#17 /home/pd/Desktop/Me/Projects/HMS/totalhms-backend/private/vendor/laravel/framework/src/Illuminate/Routing/Middleware/ThrottleRequests.php(58): Illuminate\\Routing\\Pipeline->Illuminate\\Routing\\{closure}()
#18 /home/pd/Desktop/Me/Projects/HMS/totalhms-backend/private/vendor/laravel/framework/src/Illuminate/Pipeline/Pipeline.php(163): Illuminate\\Routing\\Middleware\\ThrottleRequests->handle()
#19 /home/pd/Desktop/Me/Projects/HMS/totalhms-backend/private/vendor/laravel/framework/src/Illuminate/Routing/Pipeline.php(53): Illuminate\\Pipeline\\Pipeline->Illuminate\\Pipeline\\{closure}()
#20 /home/pd/Desktop/Me/Projects/HMS/totalhms-backend/private/vendor/laravel/framework/src/Illuminate/Pipeline/Pipeline.php(104): Illuminate\\Routing\\Pipeline->Illuminate\\Routing\\{closure}()
#21 /home/pd/Desktop/Me/Projects/HMS/totalhms-backend/private/vendor/laravel/framework/src/Illuminate/Routing/Router.php(682): Illuminate\\Pipeline\\Pipeline->then()
#22 /home/pd/Desktop/Me/Projects/HMS/totalhms-backend/private/vendor/laravel/framework/src/Illuminate/Routing/Router.php(657): Illuminate\\Routing\\Router->runRouteWithinStack()
#23 /home/pd/Desktop/Me/Projects/HMS/totalhms-backend/private/vendor/laravel/framework/src/Illuminate/Routing/Router.php(623): Illuminate\\Routing\\Router->runRoute()
#24 /home/pd/Desktop/Me/Projects/HMS/totalhms-backend/private/vendor/laravel/framework/src/Illuminate/Routing/Router.php(612): Illuminate\\Routing\\Router->dispatchToRoute()
#25 /home/pd/Desktop/Me/Projects/HMS/totalhms-backend/private/vendor/laravel/framework/src/Illuminate/Foundation/Http/Kernel.php(176): Illuminate\\Routing\\Router->dispatch()
#26 /home/pd/Desktop/Me/Projects/HMS/totalhms-backend/private/vendor/laravel/framework/src/Illuminate/Routing/Pipeline.php(30): Illuminate\\Foundation\\Http\\Kernel->Illuminate\\Foundation\\Http\\{closure}()
#27 /home/pd/Desktop/Me/Projects/HMS/totalhms-backend/private/vendor/barryvdh/laravel-debugbar/src/Middleware/InjectDebugbar.php(65): Illuminate\\Routing\\Pipeline->Illuminate\\Routing\\{closure}()
#28 /home/pd/Desktop/Me/Projects/HMS/totalhms-backend/private/vendor/laravel/framework/src/Illuminate/Pipeline/Pipeline.php(163): Barryvdh\\Debugbar\\Middleware\\InjectDebugbar->handle()
#29 /home/pd/Desktop/Me/Projects/HMS/totalhms-backend/private/vendor/laravel/framework/src/Illuminate/Routing/Pipeline.php(53): Illuminate\\Pipeline\\Pipeline->Illuminate\\Pipeline\\{closure}()
#30 /home/pd/Desktop/Me/Projects/HMS/totalhms-backend/private/vendor/fideloper/proxy/src/TrustProxies.php(57): Illuminate\\Routing\\Pipeline->Illuminate\\Routing\\{closure}()
#31 /home/pd/Desktop/Me/Projects/HMS/totalhms-backend/private/vendor/laravel/framework/src/Illuminate/Pipeline/Pipeline.php(163): Fideloper\\Proxy\\TrustProxies->handle()
#32 /home/pd/Desktop/Me/Projects/HMS/totalhms-backend/private/vendor/laravel/framework/src/Illuminate/Routing/Pipeline.php(53): Illuminate\\Pipeline\\Pipeline->Illuminate\\Pipeline\\{closure}()
#33 /home/pd/Desktop/Me/Projects/HMS/totalhms-backend/private/vendor/laravel/framework/src/Illuminate/Foundation/Http/Middleware/TransformsRequest.php(21): Illuminate\\Routing\\Pipeline->Illuminate\\Routing\\{closure}()
#34 /home/pd/Desktop/Me/Projects/HMS/totalhms-backend/private/vendor/laravel/framework/src/Illuminate/Pipeline/Pipeline.php(163): Illuminate\\Foundation\\Http\\Middleware\\TransformsRequest->handle()
#35 /home/pd/Desktop/Me/Projects/HMS/totalhms-backend/private/vendor/laravel/framework/src/Illuminate/Routing/Pipeline.php(53): Illuminate\\Pipeline\\Pipeline->Illuminate\\Pipeline\\{closure}()
#36 /home/pd/Desktop/Me/Projects/HMS/totalhms-backend/private/vendor/laravel/framework/src/Illuminate/Foundation/Http/Middleware/TransformsRequest.php(21): Illuminate\\Routing\\Pipeline->Illuminate\\Routing\\{closure}()
#37 /home/pd/Desktop/Me/Projects/HMS/totalhms-backend/private/vendor/laravel/framework/src/Illuminate/Pipeline/Pipeline.php(163): Illuminate\\Foundation\\Http\\Middleware\\TransformsRequest->handle()
#38 /home/pd/Desktop/Me/Projects/HMS/totalhms-backend/private/vendor/laravel/framework/src/Illuminate/Routing/Pipeline.php(53): Illuminate\\Pipeline\\Pipeline->Illuminate\\Pipeline\\{closure}()
#39 /home/pd/Desktop/Me/Projects/HMS/totalhms-backend/private/vendor/laravel/framework/src/Illuminate/Foundation/Http/Middleware/ValidatePostSize.php(27): Illuminate\\Routing\\Pipeline->Illuminate\\Routing\\{closure}()
#40 /home/pd/Desktop/Me/Projects/HMS/totalhms-backend/private/vendor/laravel/framework/src/Illuminate/Pipeline/Pipeline.php(163): Illuminate\\Foundation\\Http\\Middleware\\ValidatePostSize->handle()
#41 /home/pd/Desktop/Me/Projects/HMS/totalhms-backend/private/vendor/laravel/framework/src/Illuminate/Routing/Pipeline.php(53): Illuminate\\Pipeline\\Pipeline->Illuminate\\Pipeline\\{closure}()
#42 /home/pd/Desktop/Me/Projects/HMS/totalhms-backend/private/vendor/laravel/framework/src/Illuminate/Foundation/Http/Middleware/CheckForMaintenanceMode.php(62): Illuminate\\Routing\\Pipeline->Illuminate\\Routing\\{closure}()
#43 /home/pd/Desktop/Me/Projects/HMS/totalhms-backend/private/vendor/laravel/framework/src/Illuminate/Pipeline/Pipeline.php(163): Illuminate\\Foundation\\Http\\Middleware\\CheckForMaintenanceMode->handle()
#44 /home/pd/Desktop/Me/Projects/HMS/totalhms-backend/private/vendor/laravel/framework/src/Illuminate/Routing/Pipeline.php(53): Illuminate\\Pipeline\\Pipeline->Illuminate\\Pipeline\\{closure}()
#45 /home/pd/Desktop/Me/Projects/HMS/totalhms-backend/private/vendor/fruitcake/laravel-cors/src/HandleCors.php(58): Illuminate\\Routing\\Pipeline->Illuminate\\Routing\\{closure}()
#46 /home/pd/Desktop/Me/Projects/HMS/totalhms-backend/private/vendor/laravel/framework/src/Illuminate/Pipeline/Pipeline.php(163): Fruitcake\\Cors\\HandleCors->handle()
#47 /home/pd/Desktop/Me/Projects/HMS/totalhms-backend/private/vendor/laravel/framework/src/Illuminate/Routing/Pipeline.php(53): Illuminate\\Pipeline\\Pipeline->Illuminate\\Pipeline\\{closure}()
#48 /home/pd/Desktop/Me/Projects/HMS/totalhms-backend/private/vendor/laravel/framework/src/Illuminate/Pipeline/Pipeline.php(104): Illuminate\\Routing\\Pipeline->Illuminate\\Routing\\{closure}()
#49 /home/pd/Desktop/Me/Projects/HMS/totalhms-backend/private/vendor/laravel/framework/src/Illuminate/Foundation/Http/Kernel.php(151): Illuminate\\Pipeline\\Pipeline->then()
#50 /home/pd/Desktop/Me/Projects/HMS/totalhms-backend/private/vendor/laravel/framework/src/Illuminate/Foundation/Http/Kernel.php(116): Illuminate\\Foundation\\Http\\Kernel->sendRequestThroughRouter()
#51 /home/pd/Desktop/Me/Projects/HMS/totalhms-backend/private/public/index.php(57): Illuminate\\Foundation\\Http\\Kernel->handle()
#52 /home/pd/Desktop/Me/Projects/HMS/totalhms-backend/private/server.php(21): require_once('/home/pd/Deskto...')
#53 {main}
"} 
[2023-11-17 04:48:10] local.ERROR: Trying to get property 'type' of non-object {"userId":2,"exception":"[object] (ErrorException(code: 0): Trying to get property 'type' of non-object at /home/pd/Desktop/Me/Projects/HMS/totalhms-backend/private/app/Http/Controllers/StatementController.php:231)
[stacktrace]
#0 /home/pd/Desktop/Me/Projects/HMS/totalhms-backend/private/app/Http/Controllers/StatementController.php(231): Illuminate\\Foundation\\Bootstrap\\HandleExceptions->handleError()
#1 [internal function]: App\\Http\\Controllers\\StatementController->index()
#2 /home/pd/Desktop/Me/Projects/HMS/totalhms-backend/private/vendor/laravel/framework/src/Illuminate/Routing/Controller.php(54): call_user_func_array()
#3 /home/pd/Desktop/Me/Projects/HMS/totalhms-backend/private/vendor/laravel/framework/src/Illuminate/Routing/ControllerDispatcher.php(45): Illuminate\\Routing\\Controller->callAction()
#4 /home/pd/Desktop/Me/Projects/HMS/totalhms-backend/private/vendor/laravel/framework/src/Illuminate/Routing/Route.php(219): Illuminate\\Routing\\ControllerDispatcher->dispatch()
#5 /home/pd/Desktop/Me/Projects/HMS/totalhms-backend/private/vendor/laravel/framework/src/Illuminate/Routing/Route.php(176): Illuminate\\Routing\\Route->runController()
#6 /home/pd/Desktop/Me/Projects/HMS/totalhms-backend/private/vendor/laravel/framework/src/Illuminate/Routing/Router.php(680): Illuminate\\Routing\\Route->run()
#7 /home/pd/Desktop/Me/Projects/HMS/totalhms-backend/private/vendor/laravel/framework/src/Illuminate/Routing/Pipeline.php(30): Illuminate\\Routing\\Router->Illuminate\\Routing\\{closure}()
#8 /home/pd/Desktop/Me/Projects/HMS/totalhms-backend/private/app/Http/Middleware/JwtMiddleware.php(40): Illuminate\\Routing\\Pipeline->Illuminate\\Routing\\{closure}()
#9 /home/pd/Desktop/Me/Projects/HMS/totalhms-backend/private/vendor/laravel/framework/src/Illuminate/Pipeline/Pipeline.php(163): App\\Http\\Middleware\\JwtMiddleware->handle()
#10 /home/pd/Desktop/Me/Projects/HMS/totalhms-backend/private/vendor/laravel/framework/src/Illuminate/Routing/Pipeline.php(53): Illuminate\\Pipeline\\Pipeline->Illuminate\\Pipeline\\{closure}()
#11 /home/pd/Desktop/Me/Projects/HMS/totalhms-backend/private/vendor/laravel/framework/src/Illuminate/Routing/Middleware/SubstituteBindings.php(41): Illuminate\\Routing\\Pipeline->Illuminate\\Routing\\{closure}()
#12 /home/pd/Desktop/Me/Projects/HMS/totalhms-backend/private/vendor/laravel/framework/src/Illuminate/Pipeline/Pipeline.php(163): Illuminate\\Routing\\Middleware\\SubstituteBindings->handle()
#13 /home/pd/Desktop/Me/Projects/HMS/totalhms-backend/private/vendor/laravel/framework/src/Illuminate/Routing/Pipeline.php(53): Illuminate\\Pipeline\\Pipeline->Illuminate\\Pipeline\\{closure}()
#14 /home/pd/Desktop/Me/Projects/HMS/totalhms-backend/private/app/Http/Middleware/Localization.php(20): Illuminate\\Routing\\Pipeline->Illuminate\\Routing\\{closure}()
#15 /home/pd/Desktop/Me/Projects/HMS/totalhms-backend/private/vendor/laravel/framework/src/Illuminate/Pipeline/Pipeline.php(163): App\\Http\\Middleware\\Localization->handle()
#16 /home/pd/Desktop/Me/Projects/HMS/totalhms-backend/private/vendor/laravel/framework/src/Illuminate/Routing/Pipeline.php(53): Illuminate\\Pipeline\\Pipeline->Illuminate\\Pipeline\\{closure}()
#17 /home/pd/Desktop/Me/Projects/HMS/totalhms-backend/private/vendor/laravel/framework/src/Illuminate/Routing/Middleware/ThrottleRequests.php(58): Illuminate\\Routing\\Pipeline->Illuminate\\Routing\\{closure}()
#18 /home/pd/Desktop/Me/Projects/HMS/totalhms-backend/private/vendor/laravel/framework/src/Illuminate/Pipeline/Pipeline.php(163): Illuminate\\Routing\\Middleware\\ThrottleRequests->handle()
#19 /home/pd/Desktop/Me/Projects/HMS/totalhms-backend/private/vendor/laravel/framework/src/Illuminate/Routing/Pipeline.php(53): Illuminate\\Pipeline\\Pipeline->Illuminate\\Pipeline\\{closure}()
#20 /home/pd/Desktop/Me/Projects/HMS/totalhms-backend/private/vendor/laravel/framework/src/Illuminate/Pipeline/Pipeline.php(104): Illuminate\\Routing\\Pipeline->Illuminate\\Routing\\{closure}()
#21 /home/pd/Desktop/Me/Projects/HMS/totalhms-backend/private/vendor/laravel/framework/src/Illuminate/Routing/Router.php(682): Illuminate\\Pipeline\\Pipeline->then()
#22 /home/pd/Desktop/Me/Projects/HMS/totalhms-backend/private/vendor/laravel/framework/src/Illuminate/Routing/Router.php(657): Illuminate\\Routing\\Router->runRouteWithinStack()
#23 /home/pd/Desktop/Me/Projects/HMS/totalhms-backend/private/vendor/laravel/framework/src/Illuminate/Routing/Router.php(623): Illuminate\\Routing\\Router->runRoute()
#24 /home/pd/Desktop/Me/Projects/HMS/totalhms-backend/private/vendor/laravel/framework/src/Illuminate/Routing/Router.php(612): Illuminate\\Routing\\Router->dispatchToRoute()
#25 /home/pd/Desktop/Me/Projects/HMS/totalhms-backend/private/vendor/laravel/framework/src/Illuminate/Foundation/Http/Kernel.php(176): Illuminate\\Routing\\Router->dispatch()
#26 /home/pd/Desktop/Me/Projects/HMS/totalhms-backend/private/vendor/laravel/framework/src/Illuminate/Routing/Pipeline.php(30): Illuminate\\Foundation\\Http\\Kernel->Illuminate\\Foundation\\Http\\{closure}()
#27 /home/pd/Desktop/Me/Projects/HMS/totalhms-backend/private/vendor/barryvdh/laravel-debugbar/src/Middleware/InjectDebugbar.php(65): Illuminate\\Routing\\Pipeline->Illuminate\\Routing\\{closure}()
#28 /home/pd/Desktop/Me/Projects/HMS/totalhms-backend/private/vendor/laravel/framework/src/Illuminate/Pipeline/Pipeline.php(163): Barryvdh\\Debugbar\\Middleware\\InjectDebugbar->handle()
#29 /home/pd/Desktop/Me/Projects/HMS/totalhms-backend/private/vendor/laravel/framework/src/Illuminate/Routing/Pipeline.php(53): Illuminate\\Pipeline\\Pipeline->Illuminate\\Pipeline\\{closure}()
#30 /home/pd/Desktop/Me/Projects/HMS/totalhms-backend/private/vendor/fideloper/proxy/src/TrustProxies.php(57): Illuminate\\Routing\\Pipeline->Illuminate\\Routing\\{closure}()
#31 /home/pd/Desktop/Me/Projects/HMS/totalhms-backend/private/vendor/laravel/framework/src/Illuminate/Pipeline/Pipeline.php(163): Fideloper\\Proxy\\TrustProxies->handle()
#32 /home/pd/Desktop/Me/Projects/HMS/totalhms-backend/private/vendor/laravel/framework/src/Illuminate/Routing/Pipeline.php(53): Illuminate\\Pipeline\\Pipeline->Illuminate\\Pipeline\\{closure}()
#33 /home/pd/Desktop/Me/Projects/HMS/totalhms-backend/private/vendor/laravel/framework/src/Illuminate/Foundation/Http/Middleware/TransformsRequest.php(21): Illuminate\\Routing\\Pipeline->Illuminate\\Routing\\{closure}()
#34 /home/pd/Desktop/Me/Projects/HMS/totalhms-backend/private/vendor/laravel/framework/src/Illuminate/Pipeline/Pipeline.php(163): Illuminate\\Foundation\\Http\\Middleware\\TransformsRequest->handle()
#35 /home/pd/Desktop/Me/Projects/HMS/totalhms-backend/private/vendor/laravel/framework/src/Illuminate/Routing/Pipeline.php(53): Illuminate\\Pipeline\\Pipeline->Illuminate\\Pipeline\\{closure}()
#36 /home/pd/Desktop/Me/Projects/HMS/totalhms-backend/private/vendor/laravel/framework/src/Illuminate/Foundation/Http/Middleware/TransformsRequest.php(21): Illuminate\\Routing\\Pipeline->Illuminate\\Routing\\{closure}()
#37 /home/pd/Desktop/Me/Projects/HMS/totalhms-backend/private/vendor/laravel/framework/src/Illuminate/Pipeline/Pipeline.php(163): Illuminate\\Foundation\\Http\\Middleware\\TransformsRequest->handle()
#38 /home/pd/Desktop/Me/Projects/HMS/totalhms-backend/private/vendor/laravel/framework/src/Illuminate/Routing/Pipeline.php(53): Illuminate\\Pipeline\\Pipeline->Illuminate\\Pipeline\\{closure}()
#39 /home/pd/Desktop/Me/Projects/HMS/totalhms-backend/private/vendor/laravel/framework/src/Illuminate/Foundation/Http/Middleware/ValidatePostSize.php(27): Illuminate\\Routing\\Pipeline->Illuminate\\Routing\\{closure}()
#40 /home/pd/Desktop/Me/Projects/HMS/totalhms-backend/private/vendor/laravel/framework/src/Illuminate/Pipeline/Pipeline.php(163): Illuminate\\Foundation\\Http\\Middleware\\ValidatePostSize->handle()
#41 /home/pd/Desktop/Me/Projects/HMS/totalhms-backend/private/vendor/laravel/framework/src/Illuminate/Routing/Pipeline.php(53): Illuminate\\Pipeline\\Pipeline->Illuminate\\Pipeline\\{closure}()
#42 /home/pd/Desktop/Me/Projects/HMS/totalhms-backend/private/vendor/laravel/framework/src/Illuminate/Foundation/Http/Middleware/CheckForMaintenanceMode.php(62): Illuminate\\Routing\\Pipeline->Illuminate\\Routing\\{closure}()
#43 /home/pd/Desktop/Me/Projects/HMS/totalhms-backend/private/vendor/laravel/framework/src/Illuminate/Pipeline/Pipeline.php(163): Illuminate\\Foundation\\Http\\Middleware\\CheckForMaintenanceMode->handle()
#44 /home/pd/Desktop/Me/Projects/HMS/totalhms-backend/private/vendor/laravel/framework/src/Illuminate/Routing/Pipeline.php(53): Illuminate\\Pipeline\\Pipeline->Illuminate\\Pipeline\\{closure}()
#45 /home/pd/Desktop/Me/Projects/HMS/totalhms-backend/private/vendor/fruitcake/laravel-cors/src/HandleCors.php(58): Illuminate\\Routing\\Pipeline->Illuminate\\Routing\\{closure}()
#46 /home/pd/Desktop/Me/Projects/HMS/totalhms-backend/private/vendor/laravel/framework/src/Illuminate/Pipeline/Pipeline.php(163): Fruitcake\\Cors\\HandleCors->handle()
#47 /home/pd/Desktop/Me/Projects/HMS/totalhms-backend/private/vendor/laravel/framework/src/Illuminate/Routing/Pipeline.php(53): Illuminate\\Pipeline\\Pipeline->Illuminate\\Pipeline\\{closure}()
#48 /home/pd/Desktop/Me/Projects/HMS/totalhms-backend/private/vendor/laravel/framework/src/Illuminate/Pipeline/Pipeline.php(104): Illuminate\\Routing\\Pipeline->Illuminate\\Routing\\{closure}()
#49 /home/pd/Desktop/Me/Projects/HMS/totalhms-backend/private/vendor/laravel/framework/src/Illuminate/Foundation/Http/Kernel.php(151): Illuminate\\Pipeline\\Pipeline->then()
#50 /home/pd/Desktop/Me/Projects/HMS/totalhms-backend/private/vendor/laravel/framework/src/Illuminate/Foundation/Http/Kernel.php(116): Illuminate\\Foundation\\Http\\Kernel->sendRequestThroughRouter()
#51 /home/pd/Desktop/Me/Projects/HMS/totalhms-backend/private/public/index.php(57): Illuminate\\Foundation\\Http\\Kernel->handle()
#52 /home/pd/Desktop/Me/Projects/HMS/totalhms-backend/private/server.php(21): require_once('/home/pd/Deskto...')
#53 {main}
"} 
