[2023-11-02 03:33:26] local.ERROR: Trying to get property 'type' of non-object {"userId":2,"exception":"[object] (ErrorException(code: 0): Trying to get property 'type' of non-object at /home/pd/Desktop/Me/Projects/HMS/totalhms-backend/private/app/Http/Controllers/StatementController.php:231)
[stacktrace]
#0 /home/pd/Desktop/Me/Projects/HMS/totalhms-backend/private/app/Http/Controllers/StatementController.php(231): Illuminate\\Foundation\\Bootstrap\\HandleExceptions->handleError()
#1 [internal function]: App\\Http\\Controllers\\StatementController->index()
#2 /home/pd/Desktop/Me/Projects/HMS/totalhms-backend/private/vendor/laravel/framework/src/Illuminate/Routing/Controller.php(54): call_user_func_array()
#3 /home/pd/Desktop/Me/Projects/HMS/totalhms-backend/private/vendor/laravel/framework/src/Illuminate/Routing/ControllerDispatcher.php(45): Illuminate\\Routing\\Controller->callAction()
#4 /home/pd/Desktop/Me/Projects/HMS/totalhms-backend/private/vendor/laravel/framework/src/Illuminate/Routing/Route.php(219): Illuminate\\Routing\\ControllerDispatcher->dispatch()
#5 /home/pd/Desktop/Me/Projects/HMS/totalhms-backend/private/vendor/laravel/framework/src/Illuminate/Routing/Route.php(176): Illuminate\\Routing\\Route->runController()
#6 /home/pd/Desktop/Me/Projects/HMS/totalhms-backend/private/vendor/laravel/framework/src/Illuminate/Routing/Router.php(680): Illuminate\\Routing\\Route->run()
#7 /home/pd/Desktop/Me/Projects/HMS/totalhms-backend/private/vendor/laravel/framework/src/Illuminate/Routing/Pipeline.php(30): Illuminate\\Routing\\Router->Illuminate\\Routing\\{closure}()
#8 /home/pd/Desktop/Me/Projects/HMS/totalhms-backend/private/app/Http/Middleware/JwtMiddleware.php(40): Illuminate\\Routing\\Pipeline->Illuminate\\Routing\\{closure}()
#9 /home/pd/Desktop/Me/Projects/HMS/totalhms-backend/private/vendor/laravel/framework/src/Illuminate/Pipeline/Pipeline.php(163): App\\Http\\Middleware\\JwtMiddleware->handle()
#10 /home/pd/Desktop/Me/Projects/HMS/totalhms-backend/private/vendor/laravel/framework/src/Illuminate/Routing/Pipeline.php(53): Illuminate\\Pipeline\\Pipeline->Illuminate\\Pipeline\\{closure}()
#11 /home/pd/Desktop/Me/Projects/HMS/totalhms-backend/private/vendor/laravel/framework/src/Illuminate/Routing/Middleware/SubstituteBindings.php(41): Illuminate\\Routing\\Pipeline->Illuminate\\Routing\\{closure}()
#12 /home/pd/Desktop/Me/Projects/HMS/totalhms-backend/private/vendor/laravel/framework/src/Illuminate/Pipeline/Pipeline.php(163): Illuminate\\Routing\\Middleware\\SubstituteBindings->handle()
#13 /home/pd/Desktop/Me/Projects/HMS/totalhms-backend/private/vendor/laravel/framework/src/Illuminate/Routing/Pipeline.php(53): Illuminate\\Pipeline\\Pipeline->Illuminate\\Pipeline\\{closure}()
#14 /home/pd/Desktop/Me/Projects/HMS/totalhms-backend/private/app/Http/Middleware/Localization.php(20): Illuminate\\Routing\\Pipeline->Illuminate\\Routing\\{closure}()
#15 /home/pd/Desktop/Me/Projects/HMS/totalhms-backend/private/vendor/laravel/framework/src/Illuminate/Pipeline/Pipeline.php(163): App\\Http\\Middleware\\Localization->handle()
#16 /home/pd/Desktop/Me/Projects/HMS/totalhms-backend/private/vendor/laravel/framework/src/Illuminate/Routing/Pipeline.php(53): Illuminate\\Pipeline\\Pipeline->Illuminate\\Pipeline\\{closure}()
#17 /home/pd/Desktop/Me/Projects/HMS/totalhms-backend/private/vendor/laravel/framework/src/Illuminate/Routing/Middleware/ThrottleRequests.php(58): Illuminate\\Routing\\Pipeline->Illuminate\\Routing\\{closure}()
#18 /home/pd/Desktop/Me/Projects/HMS/totalhms-backend/private/vendor/laravel/framework/src/Illuminate/Pipeline/Pipeline.php(163): Illuminate\\Routing\\Middleware\\ThrottleRequests->handle()
#19 /home/pd/Desktop/Me/Projects/HMS/totalhms-backend/private/vendor/laravel/framework/src/Illuminate/Routing/Pipeline.php(53): Illuminate\\Pipeline\\Pipeline->Illuminate\\Pipeline\\{closure}()
#20 /home/pd/Desktop/Me/Projects/HMS/totalhms-backend/private/vendor/laravel/framework/src/Illuminate/Pipeline/Pipeline.php(104): Illuminate\\Routing\\Pipeline->Illuminate\\Routing\\{closure}()
#21 /home/pd/Desktop/Me/Projects/HMS/totalhms-backend/private/vendor/laravel/framework/src/Illuminate/Routing/Router.php(682): Illuminate\\Pipeline\\Pipeline->then()
#22 /home/pd/Desktop/Me/Projects/HMS/totalhms-backend/private/vendor/laravel/framework/src/Illuminate/Routing/Router.php(657): Illuminate\\Routing\\Router->runRouteWithinStack()
#23 /home/pd/Desktop/Me/Projects/HMS/totalhms-backend/private/vendor/laravel/framework/src/Illuminate/Routing/Router.php(623): Illuminate\\Routing\\Router->runRoute()
#24 /home/pd/Desktop/Me/Projects/HMS/totalhms-backend/private/vendor/laravel/framework/src/Illuminate/Routing/Router.php(612): Illuminate\\Routing\\Router->dispatchToRoute()
#25 /home/pd/Desktop/Me/Projects/HMS/totalhms-backend/private/vendor/laravel/framework/src/Illuminate/Foundation/Http/Kernel.php(176): Illuminate\\Routing\\Router->dispatch()
#26 /home/pd/Desktop/Me/Projects/HMS/totalhms-backend/private/vendor/laravel/framework/src/Illuminate/Routing/Pipeline.php(30): Illuminate\\Foundation\\Http\\Kernel->Illuminate\\Foundation\\Http\\{closure}()
#27 /home/pd/Desktop/Me/Projects/HMS/totalhms-backend/private/vendor/barryvdh/laravel-debugbar/src/Middleware/InjectDebugbar.php(65): Illuminate\\Routing\\Pipeline->Illuminate\\Routing\\{closure}()
#28 /home/pd/Desktop/Me/Projects/HMS/totalhms-backend/private/vendor/laravel/framework/src/Illuminate/Pipeline/Pipeline.php(163): Barryvdh\\Debugbar\\Middleware\\InjectDebugbar->handle()
#29 /home/pd/Desktop/Me/Projects/HMS/totalhms-backend/private/vendor/laravel/framework/src/Illuminate/Routing/Pipeline.php(53): Illuminate\\Pipeline\\Pipeline->Illuminate\\Pipeline\\{closure}()
#30 /home/pd/Desktop/Me/Projects/HMS/totalhms-backend/private/vendor/fideloper/proxy/src/TrustProxies.php(57): Illuminate\\Routing\\Pipeline->Illuminate\\Routing\\{closure}()
#31 /home/pd/Desktop/Me/Projects/HMS/totalhms-backend/private/vendor/laravel/framework/src/Illuminate/Pipeline/Pipeline.php(163): Fideloper\\Proxy\\TrustProxies->handle()
#32 /home/pd/Desktop/Me/Projects/HMS/totalhms-backend/private/vendor/laravel/framework/src/Illuminate/Routing/Pipeline.php(53): Illuminate\\Pipeline\\Pipeline->Illuminate\\Pipeline\\{closure}()
#33 /home/pd/Desktop/Me/Projects/HMS/totalhms-backend/private/vendor/laravel/framework/src/Illuminate/Foundation/Http/Middleware/TransformsRequest.php(21): Illuminate\\Routing\\Pipeline->Illuminate\\Routing\\{closure}()
#34 /home/pd/Desktop/Me/Projects/HMS/totalhms-backend/private/vendor/laravel/framework/src/Illuminate/Pipeline/Pipeline.php(163): Illuminate\\Foundation\\Http\\Middleware\\TransformsRequest->handle()
#35 /home/pd/Desktop/Me/Projects/HMS/totalhms-backend/private/vendor/laravel/framework/src/Illuminate/Routing/Pipeline.php(53): Illuminate\\Pipeline\\Pipeline->Illuminate\\Pipeline\\{closure}()
#36 /home/pd/Desktop/Me/Projects/HMS/totalhms-backend/private/vendor/laravel/framework/src/Illuminate/Foundation/Http/Middleware/TransformsRequest.php(21): Illuminate\\Routing\\Pipeline->Illuminate\\Routing\\{closure}()
#37 /home/pd/Desktop/Me/Projects/HMS/totalhms-backend/private/vendor/laravel/framework/src/Illuminate/Pipeline/Pipeline.php(163): Illuminate\\Foundation\\Http\\Middleware\\TransformsRequest->handle()
#38 /home/pd/Desktop/Me/Projects/HMS/totalhms-backend/private/vendor/laravel/framework/src/Illuminate/Routing/Pipeline.php(53): Illuminate\\Pipeline\\Pipeline->Illuminate\\Pipeline\\{closure}()
#39 /home/pd/Desktop/Me/Projects/HMS/totalhms-backend/private/vendor/laravel/framework/src/Illuminate/Foundation/Http/Middleware/ValidatePostSize.php(27): Illuminate\\Routing\\Pipeline->Illuminate\\Routing\\{closure}()
#40 /home/pd/Desktop/Me/Projects/HMS/totalhms-backend/private/vendor/laravel/framework/src/Illuminate/Pipeline/Pipeline.php(163): Illuminate\\Foundation\\Http\\Middleware\\ValidatePostSize->handle()
#41 /home/pd/Desktop/Me/Projects/HMS/totalhms-backend/private/vendor/laravel/framework/src/Illuminate/Routing/Pipeline.php(53): Illuminate\\Pipeline\\Pipeline->Illuminate\\Pipeline\\{closure}()
#42 /home/pd/Desktop/Me/Projects/HMS/totalhms-backend/private/vendor/laravel/framework/src/Illuminate/Foundation/Http/Middleware/CheckForMaintenanceMode.php(62): Illuminate\\Routing\\Pipeline->Illuminate\\Routing\\{closure}()
#43 /home/pd/Desktop/Me/Projects/HMS/totalhms-backend/private/vendor/laravel/framework/src/Illuminate/Pipeline/Pipeline.php(163): Illuminate\\Foundation\\Http\\Middleware\\CheckForMaintenanceMode->handle()
#44 /home/pd/Desktop/Me/Projects/HMS/totalhms-backend/private/vendor/laravel/framework/src/Illuminate/Routing/Pipeline.php(53): Illuminate\\Pipeline\\Pipeline->Illuminate\\Pipeline\\{closure}()
#45 /home/pd/Desktop/Me/Projects/HMS/totalhms-backend/private/vendor/fruitcake/laravel-cors/src/HandleCors.php(58): Illuminate\\Routing\\Pipeline->Illuminate\\Routing\\{closure}()
#46 /home/pd/Desktop/Me/Projects/HMS/totalhms-backend/private/vendor/laravel/framework/src/Illuminate/Pipeline/Pipeline.php(163): Fruitcake\\Cors\\HandleCors->handle()
#47 /home/pd/Desktop/Me/Projects/HMS/totalhms-backend/private/vendor/laravel/framework/src/Illuminate/Routing/Pipeline.php(53): Illuminate\\Pipeline\\Pipeline->Illuminate\\Pipeline\\{closure}()
#48 /home/pd/Desktop/Me/Projects/HMS/totalhms-backend/private/vendor/laravel/framework/src/Illuminate/Pipeline/Pipeline.php(104): Illuminate\\Routing\\Pipeline->Illuminate\\Routing\\{closure}()
#49 /home/pd/Desktop/Me/Projects/HMS/totalhms-backend/private/vendor/laravel/framework/src/Illuminate/Foundation/Http/Kernel.php(151): Illuminate\\Pipeline\\Pipeline->then()
#50 /home/pd/Desktop/Me/Projects/HMS/totalhms-backend/private/vendor/laravel/framework/src/Illuminate/Foundation/Http/Kernel.php(116): Illuminate\\Foundation\\Http\\Kernel->sendRequestThroughRouter()
#51 /home/pd/Desktop/Me/Projects/HMS/totalhms-backend/private/public/index.php(57): Illuminate\\Foundation\\Http\\Kernel->handle()
#52 /home/pd/Desktop/Me/Projects/HMS/totalhms-backend/private/server.php(21): require_once('/home/pd/Deskto...')
#53 {main}
"} 
[2023-11-02 03:45:12] local.ERROR: Class App\Http\Controllers\AdminUserController does not exist {"exception":"[object] (ReflectionException(code: -1): Class App\\Http\\Controllers\\AdminUserController does not exist at /home/pd/Desktop/Me/Projects/HMS/totalhms-backend/private/vendor/laravel/framework/src/Illuminate/Container/Container.php:788)
[stacktrace]
#0 /home/pd/Desktop/Me/Projects/HMS/totalhms-backend/private/vendor/laravel/framework/src/Illuminate/Container/Container.php(788): ReflectionClass->__construct()
#1 /home/pd/Desktop/Me/Projects/HMS/totalhms-backend/private/vendor/laravel/framework/src/Illuminate/Container/Container.php(667): Illuminate\\Container\\Container->build()
#2 /home/pd/Desktop/Me/Projects/HMS/totalhms-backend/private/vendor/laravel/framework/src/Illuminate/Container/Container.php(615): Illuminate\\Container\\Container->resolve()
#3 /home/pd/Desktop/Me/Projects/HMS/totalhms-backend/private/vendor/laravel/framework/src/Illuminate/Foundation/Application.php(767): Illuminate\\Container\\Container->make()
#4 /home/pd/Desktop/Me/Projects/HMS/totalhms-backend/private/vendor/laravel/framework/src/Illuminate/Routing/Route.php(233): Illuminate\\Foundation\\Application->make()
#5 /home/pd/Desktop/Me/Projects/HMS/totalhms-backend/private/vendor/laravel/framework/src/Illuminate/Routing/Route.php(833): Illuminate\\Routing\\Route->getController()
#6 /home/pd/Desktop/Me/Projects/HMS/totalhms-backend/private/vendor/laravel/framework/src/Illuminate/Routing/Route.php(794): Illuminate\\Routing\\Route->controllerMiddleware()
#7 /home/pd/Desktop/Me/Projects/HMS/totalhms-backend/private/vendor/laravel/framework/src/Illuminate/Foundation/Console/RouteListCommand.php(173): Illuminate\\Routing\\Route->gatherMiddleware()
#8 /home/pd/Desktop/Me/Projects/HMS/totalhms-backend/private/vendor/laravel/framework/src/Illuminate/Foundation/Console/RouteListCommand.php(117): Illuminate\\Foundation\\Console\\RouteListCommand->getMiddleware()
#9 /home/pd/Desktop/Me/Projects/HMS/totalhms-backend/private/vendor/laravel/framework/src/Illuminate/Foundation/Console/RouteListCommand.php(89): Illuminate\\Foundation\\Console\\RouteListCommand->getRouteInformation()
#10 [internal function]: Illuminate\\Foundation\\Console\\RouteListCommand->Illuminate\\Foundation\\Console\\{closure}()
#11 /home/pd/Desktop/Me/Projects/HMS/totalhms-backend/private/vendor/laravel/framework/src/Illuminate/Support/Collection.php(1120): array_map()
#12 /home/pd/Desktop/Me/Projects/HMS/totalhms-backend/private/vendor/laravel/framework/src/Illuminate/Foundation/Console/RouteListCommand.php(90): Illuminate\\Support\\Collection->map()
#13 /home/pd/Desktop/Me/Projects/HMS/totalhms-backend/private/vendor/laravel/framework/src/Illuminate/Foundation/Console/RouteListCommand.php(74): Illuminate\\Foundation\\Console\\RouteListCommand->getRoutes()
#14 [internal function]: Illuminate\\Foundation\\Console\\RouteListCommand->handle()
#15 /home/pd/Desktop/Me/Projects/HMS/totalhms-backend/private/vendor/laravel/framework/src/Illuminate/Container/BoundMethod.php(32): call_user_func_array()
#16 /home/pd/Desktop/Me/Projects/HMS/totalhms-backend/private/vendor/laravel/framework/src/Illuminate/Container/BoundMethod.php(90): Illuminate\\Container\\BoundMethod::Illuminate\\Container\\{closure}()
#17 /home/pd/Desktop/Me/Projects/HMS/totalhms-backend/private/vendor/laravel/framework/src/Illuminate/Container/BoundMethod.php(34): Illuminate\\Container\\BoundMethod::callBoundMethod()
#18 /home/pd/Desktop/Me/Projects/HMS/totalhms-backend/private/vendor/laravel/framework/src/Illuminate/Container/Container.php(576): Illuminate\\Container\\BoundMethod::call()
#19 /home/pd/Desktop/Me/Projects/HMS/totalhms-backend/private/vendor/laravel/framework/src/Illuminate/Console/Command.php(183): Illuminate\\Container\\Container->call()
#20 /home/pd/Desktop/Me/Projects/HMS/totalhms-backend/private/vendor/symfony/console/Command/Command.php(255): Illuminate\\Console\\Command->execute()
#21 /home/pd/Desktop/Me/Projects/HMS/totalhms-backend/private/vendor/laravel/framework/src/Illuminate/Console/Command.php(170): Symfony\\Component\\Console\\Command\\Command->run()
#22 /home/pd/Desktop/Me/Projects/HMS/totalhms-backend/private/vendor/symfony/console/Application.php(1021): Illuminate\\Console\\Command->run()
#23 /home/pd/Desktop/Me/Projects/HMS/totalhms-backend/private/vendor/symfony/console/Application.php(275): Symfony\\Component\\Console\\Application->doRunCommand()
#24 /home/pd/Desktop/Me/Projects/HMS/totalhms-backend/private/vendor/symfony/console/Application.php(149): Symfony\\Component\\Console\\Application->doRun()
#25 /home/pd/Desktop/Me/Projects/HMS/totalhms-backend/private/vendor/laravel/framework/src/Illuminate/Console/Application.php(90): Symfony\\Component\\Console\\Application->run()
#26 /home/pd/Desktop/Me/Projects/HMS/totalhms-backend/private/vendor/laravel/framework/src/Illuminate/Foundation/Console/Kernel.php(133): Illuminate\\Console\\Application->run()
#27 /home/pd/Desktop/Me/Projects/HMS/totalhms-backend/private/artisan(37): Illuminate\\Foundation\\Console\\Kernel->handle()
#28 {main}
"} 
[2023-11-02 03:51:34] local.ERROR: Trying to get property 'type' of non-object {"userId":2,"exception":"[object] (ErrorException(code: 0): Trying to get property 'type' of non-object at /home/pd/Desktop/Me/Projects/HMS/totalhms-backend/private/app/Http/Controllers/StatementController.php:231)
[stacktrace]
#0 /home/pd/Desktop/Me/Projects/HMS/totalhms-backend/private/app/Http/Controllers/StatementController.php(231): Illuminate\\Foundation\\Bootstrap\\HandleExceptions->handleError()
#1 [internal function]: App\\Http\\Controllers\\StatementController->index()
#2 /home/pd/Desktop/Me/Projects/HMS/totalhms-backend/private/vendor/laravel/framework/src/Illuminate/Routing/Controller.php(54): call_user_func_array()
#3 /home/pd/Desktop/Me/Projects/HMS/totalhms-backend/private/vendor/laravel/framework/src/Illuminate/Routing/ControllerDispatcher.php(45): Illuminate\\Routing\\Controller->callAction()
#4 /home/pd/Desktop/Me/Projects/HMS/totalhms-backend/private/vendor/laravel/framework/src/Illuminate/Routing/Route.php(219): Illuminate\\Routing\\ControllerDispatcher->dispatch()
#5 /home/pd/Desktop/Me/Projects/HMS/totalhms-backend/private/vendor/laravel/framework/src/Illuminate/Routing/Route.php(176): Illuminate\\Routing\\Route->runController()
#6 /home/pd/Desktop/Me/Projects/HMS/totalhms-backend/private/vendor/laravel/framework/src/Illuminate/Routing/Router.php(680): Illuminate\\Routing\\Route->run()
#7 /home/pd/Desktop/Me/Projects/HMS/totalhms-backend/private/vendor/laravel/framework/src/Illuminate/Routing/Pipeline.php(30): Illuminate\\Routing\\Router->Illuminate\\Routing\\{closure}()
#8 /home/pd/Desktop/Me/Projects/HMS/totalhms-backend/private/app/Http/Middleware/JwtMiddleware.php(40): Illuminate\\Routing\\Pipeline->Illuminate\\Routing\\{closure}()
#9 /home/pd/Desktop/Me/Projects/HMS/totalhms-backend/private/vendor/laravel/framework/src/Illuminate/Pipeline/Pipeline.php(163): App\\Http\\Middleware\\JwtMiddleware->handle()
#10 /home/pd/Desktop/Me/Projects/HMS/totalhms-backend/private/vendor/laravel/framework/src/Illuminate/Routing/Pipeline.php(53): Illuminate\\Pipeline\\Pipeline->Illuminate\\Pipeline\\{closure}()
#11 /home/pd/Desktop/Me/Projects/HMS/totalhms-backend/private/vendor/laravel/framework/src/Illuminate/Routing/Middleware/SubstituteBindings.php(41): Illuminate\\Routing\\Pipeline->Illuminate\\Routing\\{closure}()
#12 /home/pd/Desktop/Me/Projects/HMS/totalhms-backend/private/vendor/laravel/framework/src/Illuminate/Pipeline/Pipeline.php(163): Illuminate\\Routing\\Middleware\\SubstituteBindings->handle()
#13 /home/pd/Desktop/Me/Projects/HMS/totalhms-backend/private/vendor/laravel/framework/src/Illuminate/Routing/Pipeline.php(53): Illuminate\\Pipeline\\Pipeline->Illuminate\\Pipeline\\{closure}()
#14 /home/pd/Desktop/Me/Projects/HMS/totalhms-backend/private/app/Http/Middleware/Localization.php(20): Illuminate\\Routing\\Pipeline->Illuminate\\Routing\\{closure}()
#15 /home/pd/Desktop/Me/Projects/HMS/totalhms-backend/private/vendor/laravel/framework/src/Illuminate/Pipeline/Pipeline.php(163): App\\Http\\Middleware\\Localization->handle()
#16 /home/pd/Desktop/Me/Projects/HMS/totalhms-backend/private/vendor/laravel/framework/src/Illuminate/Routing/Pipeline.php(53): Illuminate\\Pipeline\\Pipeline->Illuminate\\Pipeline\\{closure}()
#17 /home/pd/Desktop/Me/Projects/HMS/totalhms-backend/private/vendor/laravel/framework/src/Illuminate/Routing/Middleware/ThrottleRequests.php(58): Illuminate\\Routing\\Pipeline->Illuminate\\Routing\\{closure}()
#18 /home/pd/Desktop/Me/Projects/HMS/totalhms-backend/private/vendor/laravel/framework/src/Illuminate/Pipeline/Pipeline.php(163): Illuminate\\Routing\\Middleware\\ThrottleRequests->handle()
#19 /home/pd/Desktop/Me/Projects/HMS/totalhms-backend/private/vendor/laravel/framework/src/Illuminate/Routing/Pipeline.php(53): Illuminate\\Pipeline\\Pipeline->Illuminate\\Pipeline\\{closure}()
#20 /home/pd/Desktop/Me/Projects/HMS/totalhms-backend/private/vendor/laravel/framework/src/Illuminate/Pipeline/Pipeline.php(104): Illuminate\\Routing\\Pipeline->Illuminate\\Routing\\{closure}()
#21 /home/pd/Desktop/Me/Projects/HMS/totalhms-backend/private/vendor/laravel/framework/src/Illuminate/Routing/Router.php(682): Illuminate\\Pipeline\\Pipeline->then()
#22 /home/pd/Desktop/Me/Projects/HMS/totalhms-backend/private/vendor/laravel/framework/src/Illuminate/Routing/Router.php(657): Illuminate\\Routing\\Router->runRouteWithinStack()
#23 /home/pd/Desktop/Me/Projects/HMS/totalhms-backend/private/vendor/laravel/framework/src/Illuminate/Routing/Router.php(623): Illuminate\\Routing\\Router->runRoute()
#24 /home/pd/Desktop/Me/Projects/HMS/totalhms-backend/private/vendor/laravel/framework/src/Illuminate/Routing/Router.php(612): Illuminate\\Routing\\Router->dispatchToRoute()
#25 /home/pd/Desktop/Me/Projects/HMS/totalhms-backend/private/vendor/laravel/framework/src/Illuminate/Foundation/Http/Kernel.php(176): Illuminate\\Routing\\Router->dispatch()
#26 /home/pd/Desktop/Me/Projects/HMS/totalhms-backend/private/vendor/laravel/framework/src/Illuminate/Routing/Pipeline.php(30): Illuminate\\Foundation\\Http\\Kernel->Illuminate\\Foundation\\Http\\{closure}()
#27 /home/pd/Desktop/Me/Projects/HMS/totalhms-backend/private/vendor/barryvdh/laravel-debugbar/src/Middleware/InjectDebugbar.php(65): Illuminate\\Routing\\Pipeline->Illuminate\\Routing\\{closure}()
#28 /home/pd/Desktop/Me/Projects/HMS/totalhms-backend/private/vendor/laravel/framework/src/Illuminate/Pipeline/Pipeline.php(163): Barryvdh\\Debugbar\\Middleware\\InjectDebugbar->handle()
#29 /home/pd/Desktop/Me/Projects/HMS/totalhms-backend/private/vendor/laravel/framework/src/Illuminate/Routing/Pipeline.php(53): Illuminate\\Pipeline\\Pipeline->Illuminate\\Pipeline\\{closure}()
#30 /home/pd/Desktop/Me/Projects/HMS/totalhms-backend/private/vendor/fideloper/proxy/src/TrustProxies.php(57): Illuminate\\Routing\\Pipeline->Illuminate\\Routing\\{closure}()
#31 /home/pd/Desktop/Me/Projects/HMS/totalhms-backend/private/vendor/laravel/framework/src/Illuminate/Pipeline/Pipeline.php(163): Fideloper\\Proxy\\TrustProxies->handle()
#32 /home/pd/Desktop/Me/Projects/HMS/totalhms-backend/private/vendor/laravel/framework/src/Illuminate/Routing/Pipeline.php(53): Illuminate\\Pipeline\\Pipeline->Illuminate\\Pipeline\\{closure}()
#33 /home/pd/Desktop/Me/Projects/HMS/totalhms-backend/private/vendor/laravel/framework/src/Illuminate/Foundation/Http/Middleware/TransformsRequest.php(21): Illuminate\\Routing\\Pipeline->Illuminate\\Routing\\{closure}()
#34 /home/pd/Desktop/Me/Projects/HMS/totalhms-backend/private/vendor/laravel/framework/src/Illuminate/Pipeline/Pipeline.php(163): Illuminate\\Foundation\\Http\\Middleware\\TransformsRequest->handle()
#35 /home/pd/Desktop/Me/Projects/HMS/totalhms-backend/private/vendor/laravel/framework/src/Illuminate/Routing/Pipeline.php(53): Illuminate\\Pipeline\\Pipeline->Illuminate\\Pipeline\\{closure}()
#36 /home/pd/Desktop/Me/Projects/HMS/totalhms-backend/private/vendor/laravel/framework/src/Illuminate/Foundation/Http/Middleware/TransformsRequest.php(21): Illuminate\\Routing\\Pipeline->Illuminate\\Routing\\{closure}()
#37 /home/pd/Desktop/Me/Projects/HMS/totalhms-backend/private/vendor/laravel/framework/src/Illuminate/Pipeline/Pipeline.php(163): Illuminate\\Foundation\\Http\\Middleware\\TransformsRequest->handle()
#38 /home/pd/Desktop/Me/Projects/HMS/totalhms-backend/private/vendor/laravel/framework/src/Illuminate/Routing/Pipeline.php(53): Illuminate\\Pipeline\\Pipeline->Illuminate\\Pipeline\\{closure}()
#39 /home/pd/Desktop/Me/Projects/HMS/totalhms-backend/private/vendor/laravel/framework/src/Illuminate/Foundation/Http/Middleware/ValidatePostSize.php(27): Illuminate\\Routing\\Pipeline->Illuminate\\Routing\\{closure}()
#40 /home/pd/Desktop/Me/Projects/HMS/totalhms-backend/private/vendor/laravel/framework/src/Illuminate/Pipeline/Pipeline.php(163): Illuminate\\Foundation\\Http\\Middleware\\ValidatePostSize->handle()
#41 /home/pd/Desktop/Me/Projects/HMS/totalhms-backend/private/vendor/laravel/framework/src/Illuminate/Routing/Pipeline.php(53): Illuminate\\Pipeline\\Pipeline->Illuminate\\Pipeline\\{closure}()
#42 /home/pd/Desktop/Me/Projects/HMS/totalhms-backend/private/vendor/laravel/framework/src/Illuminate/Foundation/Http/Middleware/CheckForMaintenanceMode.php(62): Illuminate\\Routing\\Pipeline->Illuminate\\Routing\\{closure}()
#43 /home/pd/Desktop/Me/Projects/HMS/totalhms-backend/private/vendor/laravel/framework/src/Illuminate/Pipeline/Pipeline.php(163): Illuminate\\Foundation\\Http\\Middleware\\CheckForMaintenanceMode->handle()
#44 /home/pd/Desktop/Me/Projects/HMS/totalhms-backend/private/vendor/laravel/framework/src/Illuminate/Routing/Pipeline.php(53): Illuminate\\Pipeline\\Pipeline->Illuminate\\Pipeline\\{closure}()
#45 /home/pd/Desktop/Me/Projects/HMS/totalhms-backend/private/vendor/fruitcake/laravel-cors/src/HandleCors.php(58): Illuminate\\Routing\\Pipeline->Illuminate\\Routing\\{closure}()
#46 /home/pd/Desktop/Me/Projects/HMS/totalhms-backend/private/vendor/laravel/framework/src/Illuminate/Pipeline/Pipeline.php(163): Fruitcake\\Cors\\HandleCors->handle()
#47 /home/pd/Desktop/Me/Projects/HMS/totalhms-backend/private/vendor/laravel/framework/src/Illuminate/Routing/Pipeline.php(53): Illuminate\\Pipeline\\Pipeline->Illuminate\\Pipeline\\{closure}()
#48 /home/pd/Desktop/Me/Projects/HMS/totalhms-backend/private/vendor/laravel/framework/src/Illuminate/Pipeline/Pipeline.php(104): Illuminate\\Routing\\Pipeline->Illuminate\\Routing\\{closure}()
#49 /home/pd/Desktop/Me/Projects/HMS/totalhms-backend/private/vendor/laravel/framework/src/Illuminate/Foundation/Http/Kernel.php(151): Illuminate\\Pipeline\\Pipeline->then()
#50 /home/pd/Desktop/Me/Projects/HMS/totalhms-backend/private/vendor/laravel/framework/src/Illuminate/Foundation/Http/Kernel.php(116): Illuminate\\Foundation\\Http\\Kernel->sendRequestThroughRouter()
#51 /home/pd/Desktop/Me/Projects/HMS/totalhms-backend/private/public/index.php(57): Illuminate\\Foundation\\Http\\Kernel->handle()
#52 /home/pd/Desktop/Me/Projects/HMS/totalhms-backend/private/server.php(21): require_once('/home/pd/Deskto...')
#53 {main}
"} 
[2023-11-02 03:51:35] local.ERROR: Trying to get property 'type' of non-object {"userId":2,"exception":"[object] (ErrorException(code: 0): Trying to get property 'type' of non-object at /home/pd/Desktop/Me/Projects/HMS/totalhms-backend/private/app/Http/Controllers/StatementController.php:231)
[stacktrace]
#0 /home/pd/Desktop/Me/Projects/HMS/totalhms-backend/private/app/Http/Controllers/StatementController.php(231): Illuminate\\Foundation\\Bootstrap\\HandleExceptions->handleError()
#1 [internal function]: App\\Http\\Controllers\\StatementController->index()
#2 /home/pd/Desktop/Me/Projects/HMS/totalhms-backend/private/vendor/laravel/framework/src/Illuminate/Routing/Controller.php(54): call_user_func_array()
#3 /home/pd/Desktop/Me/Projects/HMS/totalhms-backend/private/vendor/laravel/framework/src/Illuminate/Routing/ControllerDispatcher.php(45): Illuminate\\Routing\\Controller->callAction()
#4 /home/pd/Desktop/Me/Projects/HMS/totalhms-backend/private/vendor/laravel/framework/src/Illuminate/Routing/Route.php(219): Illuminate\\Routing\\ControllerDispatcher->dispatch()
#5 /home/pd/Desktop/Me/Projects/HMS/totalhms-backend/private/vendor/laravel/framework/src/Illuminate/Routing/Route.php(176): Illuminate\\Routing\\Route->runController()
#6 /home/pd/Desktop/Me/Projects/HMS/totalhms-backend/private/vendor/laravel/framework/src/Illuminate/Routing/Router.php(680): Illuminate\\Routing\\Route->run()
#7 /home/pd/Desktop/Me/Projects/HMS/totalhms-backend/private/vendor/laravel/framework/src/Illuminate/Routing/Pipeline.php(30): Illuminate\\Routing\\Router->Illuminate\\Routing\\{closure}()
#8 /home/pd/Desktop/Me/Projects/HMS/totalhms-backend/private/app/Http/Middleware/JwtMiddleware.php(40): Illuminate\\Routing\\Pipeline->Illuminate\\Routing\\{closure}()
#9 /home/pd/Desktop/Me/Projects/HMS/totalhms-backend/private/vendor/laravel/framework/src/Illuminate/Pipeline/Pipeline.php(163): App\\Http\\Middleware\\JwtMiddleware->handle()
#10 /home/pd/Desktop/Me/Projects/HMS/totalhms-backend/private/vendor/laravel/framework/src/Illuminate/Routing/Pipeline.php(53): Illuminate\\Pipeline\\Pipeline->Illuminate\\Pipeline\\{closure}()
#11 /home/pd/Desktop/Me/Projects/HMS/totalhms-backend/private/vendor/laravel/framework/src/Illuminate/Routing/Middleware/SubstituteBindings.php(41): Illuminate\\Routing\\Pipeline->Illuminate\\Routing\\{closure}()
#12 /home/pd/Desktop/Me/Projects/HMS/totalhms-backend/private/vendor/laravel/framework/src/Illuminate/Pipeline/Pipeline.php(163): Illuminate\\Routing\\Middleware\\SubstituteBindings->handle()
#13 /home/pd/Desktop/Me/Projects/HMS/totalhms-backend/private/vendor/laravel/framework/src/Illuminate/Routing/Pipeline.php(53): Illuminate\\Pipeline\\Pipeline->Illuminate\\Pipeline\\{closure}()
#14 /home/pd/Desktop/Me/Projects/HMS/totalhms-backend/private/app/Http/Middleware/Localization.php(20): Illuminate\\Routing\\Pipeline->Illuminate\\Routing\\{closure}()
#15 /home/pd/Desktop/Me/Projects/HMS/totalhms-backend/private/vendor/laravel/framework/src/Illuminate/Pipeline/Pipeline.php(163): App\\Http\\Middleware\\Localization->handle()
#16 /home/pd/Desktop/Me/Projects/HMS/totalhms-backend/private/vendor/laravel/framework/src/Illuminate/Routing/Pipeline.php(53): Illuminate\\Pipeline\\Pipeline->Illuminate\\Pipeline\\{closure}()
#17 /home/pd/Desktop/Me/Projects/HMS/totalhms-backend/private/vendor/laravel/framework/src/Illuminate/Routing/Middleware/ThrottleRequests.php(58): Illuminate\\Routing\\Pipeline->Illuminate\\Routing\\{closure}()
#18 /home/pd/Desktop/Me/Projects/HMS/totalhms-backend/private/vendor/laravel/framework/src/Illuminate/Pipeline/Pipeline.php(163): Illuminate\\Routing\\Middleware\\ThrottleRequests->handle()
#19 /home/pd/Desktop/Me/Projects/HMS/totalhms-backend/private/vendor/laravel/framework/src/Illuminate/Routing/Pipeline.php(53): Illuminate\\Pipeline\\Pipeline->Illuminate\\Pipeline\\{closure}()
#20 /home/pd/Desktop/Me/Projects/HMS/totalhms-backend/private/vendor/laravel/framework/src/Illuminate/Pipeline/Pipeline.php(104): Illuminate\\Routing\\Pipeline->Illuminate\\Routing\\{closure}()
#21 /home/pd/Desktop/Me/Projects/HMS/totalhms-backend/private/vendor/laravel/framework/src/Illuminate/Routing/Router.php(682): Illuminate\\Pipeline\\Pipeline->then()
#22 /home/pd/Desktop/Me/Projects/HMS/totalhms-backend/private/vendor/laravel/framework/src/Illuminate/Routing/Router.php(657): Illuminate\\Routing\\Router->runRouteWithinStack()
#23 /home/pd/Desktop/Me/Projects/HMS/totalhms-backend/private/vendor/laravel/framework/src/Illuminate/Routing/Router.php(623): Illuminate\\Routing\\Router->runRoute()
#24 /home/pd/Desktop/Me/Projects/HMS/totalhms-backend/private/vendor/laravel/framework/src/Illuminate/Routing/Router.php(612): Illuminate\\Routing\\Router->dispatchToRoute()
#25 /home/pd/Desktop/Me/Projects/HMS/totalhms-backend/private/vendor/laravel/framework/src/Illuminate/Foundation/Http/Kernel.php(176): Illuminate\\Routing\\Router->dispatch()
#26 /home/pd/Desktop/Me/Projects/HMS/totalhms-backend/private/vendor/laravel/framework/src/Illuminate/Routing/Pipeline.php(30): Illuminate\\Foundation\\Http\\Kernel->Illuminate\\Foundation\\Http\\{closure}()
#27 /home/pd/Desktop/Me/Projects/HMS/totalhms-backend/private/vendor/barryvdh/laravel-debugbar/src/Middleware/InjectDebugbar.php(65): Illuminate\\Routing\\Pipeline->Illuminate\\Routing\\{closure}()
#28 /home/pd/Desktop/Me/Projects/HMS/totalhms-backend/private/vendor/laravel/framework/src/Illuminate/Pipeline/Pipeline.php(163): Barryvdh\\Debugbar\\Middleware\\InjectDebugbar->handle()
#29 /home/pd/Desktop/Me/Projects/HMS/totalhms-backend/private/vendor/laravel/framework/src/Illuminate/Routing/Pipeline.php(53): Illuminate\\Pipeline\\Pipeline->Illuminate\\Pipeline\\{closure}()
#30 /home/pd/Desktop/Me/Projects/HMS/totalhms-backend/private/vendor/fideloper/proxy/src/TrustProxies.php(57): Illuminate\\Routing\\Pipeline->Illuminate\\Routing\\{closure}()
#31 /home/pd/Desktop/Me/Projects/HMS/totalhms-backend/private/vendor/laravel/framework/src/Illuminate/Pipeline/Pipeline.php(163): Fideloper\\Proxy\\TrustProxies->handle()
#32 /home/pd/Desktop/Me/Projects/HMS/totalhms-backend/private/vendor/laravel/framework/src/Illuminate/Routing/Pipeline.php(53): Illuminate\\Pipeline\\Pipeline->Illuminate\\Pipeline\\{closure}()
#33 /home/pd/Desktop/Me/Projects/HMS/totalhms-backend/private/vendor/laravel/framework/src/Illuminate/Foundation/Http/Middleware/TransformsRequest.php(21): Illuminate\\Routing\\Pipeline->Illuminate\\Routing\\{closure}()
#34 /home/pd/Desktop/Me/Projects/HMS/totalhms-backend/private/vendor/laravel/framework/src/Illuminate/Pipeline/Pipeline.php(163): Illuminate\\Foundation\\Http\\Middleware\\TransformsRequest->handle()
#35 /home/pd/Desktop/Me/Projects/HMS/totalhms-backend/private/vendor/laravel/framework/src/Illuminate/Routing/Pipeline.php(53): Illuminate\\Pipeline\\Pipeline->Illuminate\\Pipeline\\{closure}()
#36 /home/pd/Desktop/Me/Projects/HMS/totalhms-backend/private/vendor/laravel/framework/src/Illuminate/Foundation/Http/Middleware/TransformsRequest.php(21): Illuminate\\Routing\\Pipeline->Illuminate\\Routing\\{closure}()
#37 /home/pd/Desktop/Me/Projects/HMS/totalhms-backend/private/vendor/laravel/framework/src/Illuminate/Pipeline/Pipeline.php(163): Illuminate\\Foundation\\Http\\Middleware\\TransformsRequest->handle()
#38 /home/pd/Desktop/Me/Projects/HMS/totalhms-backend/private/vendor/laravel/framework/src/Illuminate/Routing/Pipeline.php(53): Illuminate\\Pipeline\\Pipeline->Illuminate\\Pipeline\\{closure}()
#39 /home/pd/Desktop/Me/Projects/HMS/totalhms-backend/private/vendor/laravel/framework/src/Illuminate/Foundation/Http/Middleware/ValidatePostSize.php(27): Illuminate\\Routing\\Pipeline->Illuminate\\Routing\\{closure}()
#40 /home/pd/Desktop/Me/Projects/HMS/totalhms-backend/private/vendor/laravel/framework/src/Illuminate/Pipeline/Pipeline.php(163): Illuminate\\Foundation\\Http\\Middleware\\ValidatePostSize->handle()
#41 /home/pd/Desktop/Me/Projects/HMS/totalhms-backend/private/vendor/laravel/framework/src/Illuminate/Routing/Pipeline.php(53): Illuminate\\Pipeline\\Pipeline->Illuminate\\Pipeline\\{closure}()
#42 /home/pd/Desktop/Me/Projects/HMS/totalhms-backend/private/vendor/laravel/framework/src/Illuminate/Foundation/Http/Middleware/CheckForMaintenanceMode.php(62): Illuminate\\Routing\\Pipeline->Illuminate\\Routing\\{closure}()
#43 /home/pd/Desktop/Me/Projects/HMS/totalhms-backend/private/vendor/laravel/framework/src/Illuminate/Pipeline/Pipeline.php(163): Illuminate\\Foundation\\Http\\Middleware\\CheckForMaintenanceMode->handle()
#44 /home/pd/Desktop/Me/Projects/HMS/totalhms-backend/private/vendor/laravel/framework/src/Illuminate/Routing/Pipeline.php(53): Illuminate\\Pipeline\\Pipeline->Illuminate\\Pipeline\\{closure}()
#45 /home/pd/Desktop/Me/Projects/HMS/totalhms-backend/private/vendor/fruitcake/laravel-cors/src/HandleCors.php(58): Illuminate\\Routing\\Pipeline->Illuminate\\Routing\\{closure}()
#46 /home/pd/Desktop/Me/Projects/HMS/totalhms-backend/private/vendor/laravel/framework/src/Illuminate/Pipeline/Pipeline.php(163): Fruitcake\\Cors\\HandleCors->handle()
#47 /home/pd/Desktop/Me/Projects/HMS/totalhms-backend/private/vendor/laravel/framework/src/Illuminate/Routing/Pipeline.php(53): Illuminate\\Pipeline\\Pipeline->Illuminate\\Pipeline\\{closure}()
#48 /home/pd/Desktop/Me/Projects/HMS/totalhms-backend/private/vendor/laravel/framework/src/Illuminate/Pipeline/Pipeline.php(104): Illuminate\\Routing\\Pipeline->Illuminate\\Routing\\{closure}()
#49 /home/pd/Desktop/Me/Projects/HMS/totalhms-backend/private/vendor/laravel/framework/src/Illuminate/Foundation/Http/Kernel.php(151): Illuminate\\Pipeline\\Pipeline->then()
#50 /home/pd/Desktop/Me/Projects/HMS/totalhms-backend/private/vendor/laravel/framework/src/Illuminate/Foundation/Http/Kernel.php(116): Illuminate\\Foundation\\Http\\Kernel->sendRequestThroughRouter()
#51 /home/pd/Desktop/Me/Projects/HMS/totalhms-backend/private/public/index.php(57): Illuminate\\Foundation\\Http\\Kernel->handle()
#52 /home/pd/Desktop/Me/Projects/HMS/totalhms-backend/private/server.php(21): require_once('/home/pd/Deskto...')
#53 {main}
"} 
[2023-11-02 03:51:36] local.ERROR: Trying to get property 'type' of non-object {"userId":2,"exception":"[object] (ErrorException(code: 0): Trying to get property 'type' of non-object at /home/pd/Desktop/Me/Projects/HMS/totalhms-backend/private/app/Http/Controllers/StatementController.php:231)
[stacktrace]
#0 /home/pd/Desktop/Me/Projects/HMS/totalhms-backend/private/app/Http/Controllers/StatementController.php(231): Illuminate\\Foundation\\Bootstrap\\HandleExceptions->handleError()
#1 [internal function]: App\\Http\\Controllers\\StatementController->index()
#2 /home/pd/Desktop/Me/Projects/HMS/totalhms-backend/private/vendor/laravel/framework/src/Illuminate/Routing/Controller.php(54): call_user_func_array()
#3 /home/pd/Desktop/Me/Projects/HMS/totalhms-backend/private/vendor/laravel/framework/src/Illuminate/Routing/ControllerDispatcher.php(45): Illuminate\\Routing\\Controller->callAction()
#4 /home/pd/Desktop/Me/Projects/HMS/totalhms-backend/private/vendor/laravel/framework/src/Illuminate/Routing/Route.php(219): Illuminate\\Routing\\ControllerDispatcher->dispatch()
#5 /home/pd/Desktop/Me/Projects/HMS/totalhms-backend/private/vendor/laravel/framework/src/Illuminate/Routing/Route.php(176): Illuminate\\Routing\\Route->runController()
#6 /home/pd/Desktop/Me/Projects/HMS/totalhms-backend/private/vendor/laravel/framework/src/Illuminate/Routing/Router.php(680): Illuminate\\Routing\\Route->run()
#7 /home/pd/Desktop/Me/Projects/HMS/totalhms-backend/private/vendor/laravel/framework/src/Illuminate/Routing/Pipeline.php(30): Illuminate\\Routing\\Router->Illuminate\\Routing\\{closure}()
#8 /home/pd/Desktop/Me/Projects/HMS/totalhms-backend/private/app/Http/Middleware/JwtMiddleware.php(40): Illuminate\\Routing\\Pipeline->Illuminate\\Routing\\{closure}()
#9 /home/pd/Desktop/Me/Projects/HMS/totalhms-backend/private/vendor/laravel/framework/src/Illuminate/Pipeline/Pipeline.php(163): App\\Http\\Middleware\\JwtMiddleware->handle()
#10 /home/pd/Desktop/Me/Projects/HMS/totalhms-backend/private/vendor/laravel/framework/src/Illuminate/Routing/Pipeline.php(53): Illuminate\\Pipeline\\Pipeline->Illuminate\\Pipeline\\{closure}()
#11 /home/pd/Desktop/Me/Projects/HMS/totalhms-backend/private/vendor/laravel/framework/src/Illuminate/Routing/Middleware/SubstituteBindings.php(41): Illuminate\\Routing\\Pipeline->Illuminate\\Routing\\{closure}()
#12 /home/pd/Desktop/Me/Projects/HMS/totalhms-backend/private/vendor/laravel/framework/src/Illuminate/Pipeline/Pipeline.php(163): Illuminate\\Routing\\Middleware\\SubstituteBindings->handle()
#13 /home/pd/Desktop/Me/Projects/HMS/totalhms-backend/private/vendor/laravel/framework/src/Illuminate/Routing/Pipeline.php(53): Illuminate\\Pipeline\\Pipeline->Illuminate\\Pipeline\\{closure}()
#14 /home/pd/Desktop/Me/Projects/HMS/totalhms-backend/private/app/Http/Middleware/Localization.php(20): Illuminate\\Routing\\Pipeline->Illuminate\\Routing\\{closure}()
#15 /home/pd/Desktop/Me/Projects/HMS/totalhms-backend/private/vendor/laravel/framework/src/Illuminate/Pipeline/Pipeline.php(163): App\\Http\\Middleware\\Localization->handle()
#16 /home/pd/Desktop/Me/Projects/HMS/totalhms-backend/private/vendor/laravel/framework/src/Illuminate/Routing/Pipeline.php(53): Illuminate\\Pipeline\\Pipeline->Illuminate\\Pipeline\\{closure}()
#17 /home/pd/Desktop/Me/Projects/HMS/totalhms-backend/private/vendor/laravel/framework/src/Illuminate/Routing/Middleware/ThrottleRequests.php(58): Illuminate\\Routing\\Pipeline->Illuminate\\Routing\\{closure}()
#18 /home/pd/Desktop/Me/Projects/HMS/totalhms-backend/private/vendor/laravel/framework/src/Illuminate/Pipeline/Pipeline.php(163): Illuminate\\Routing\\Middleware\\ThrottleRequests->handle()
#19 /home/pd/Desktop/Me/Projects/HMS/totalhms-backend/private/vendor/laravel/framework/src/Illuminate/Routing/Pipeline.php(53): Illuminate\\Pipeline\\Pipeline->Illuminate\\Pipeline\\{closure}()
#20 /home/pd/Desktop/Me/Projects/HMS/totalhms-backend/private/vendor/laravel/framework/src/Illuminate/Pipeline/Pipeline.php(104): Illuminate\\Routing\\Pipeline->Illuminate\\Routing\\{closure}()
#21 /home/pd/Desktop/Me/Projects/HMS/totalhms-backend/private/vendor/laravel/framework/src/Illuminate/Routing/Router.php(682): Illuminate\\Pipeline\\Pipeline->then()
#22 /home/pd/Desktop/Me/Projects/HMS/totalhms-backend/private/vendor/laravel/framework/src/Illuminate/Routing/Router.php(657): Illuminate\\Routing\\Router->runRouteWithinStack()
#23 /home/pd/Desktop/Me/Projects/HMS/totalhms-backend/private/vendor/laravel/framework/src/Illuminate/Routing/Router.php(623): Illuminate\\Routing\\Router->runRoute()
#24 /home/pd/Desktop/Me/Projects/HMS/totalhms-backend/private/vendor/laravel/framework/src/Illuminate/Routing/Router.php(612): Illuminate\\Routing\\Router->dispatchToRoute()
#25 /home/pd/Desktop/Me/Projects/HMS/totalhms-backend/private/vendor/laravel/framework/src/Illuminate/Foundation/Http/Kernel.php(176): Illuminate\\Routing\\Router->dispatch()
#26 /home/pd/Desktop/Me/Projects/HMS/totalhms-backend/private/vendor/laravel/framework/src/Illuminate/Routing/Pipeline.php(30): Illuminate\\Foundation\\Http\\Kernel->Illuminate\\Foundation\\Http\\{closure}()
#27 /home/pd/Desktop/Me/Projects/HMS/totalhms-backend/private/vendor/barryvdh/laravel-debugbar/src/Middleware/InjectDebugbar.php(65): Illuminate\\Routing\\Pipeline->Illuminate\\Routing\\{closure}()
#28 /home/pd/Desktop/Me/Projects/HMS/totalhms-backend/private/vendor/laravel/framework/src/Illuminate/Pipeline/Pipeline.php(163): Barryvdh\\Debugbar\\Middleware\\InjectDebugbar->handle()
#29 /home/pd/Desktop/Me/Projects/HMS/totalhms-backend/private/vendor/laravel/framework/src/Illuminate/Routing/Pipeline.php(53): Illuminate\\Pipeline\\Pipeline->Illuminate\\Pipeline\\{closure}()
#30 /home/pd/Desktop/Me/Projects/HMS/totalhms-backend/private/vendor/fideloper/proxy/src/TrustProxies.php(57): Illuminate\\Routing\\Pipeline->Illuminate\\Routing\\{closure}()
#31 /home/pd/Desktop/Me/Projects/HMS/totalhms-backend/private/vendor/laravel/framework/src/Illuminate/Pipeline/Pipeline.php(163): Fideloper\\Proxy\\TrustProxies->handle()
#32 /home/pd/Desktop/Me/Projects/HMS/totalhms-backend/private/vendor/laravel/framework/src/Illuminate/Routing/Pipeline.php(53): Illuminate\\Pipeline\\Pipeline->Illuminate\\Pipeline\\{closure}()
#33 /home/pd/Desktop/Me/Projects/HMS/totalhms-backend/private/vendor/laravel/framework/src/Illuminate/Foundation/Http/Middleware/TransformsRequest.php(21): Illuminate\\Routing\\Pipeline->Illuminate\\Routing\\{closure}()
#34 /home/pd/Desktop/Me/Projects/HMS/totalhms-backend/private/vendor/laravel/framework/src/Illuminate/Pipeline/Pipeline.php(163): Illuminate\\Foundation\\Http\\Middleware\\TransformsRequest->handle()
#35 /home/pd/Desktop/Me/Projects/HMS/totalhms-backend/private/vendor/laravel/framework/src/Illuminate/Routing/Pipeline.php(53): Illuminate\\Pipeline\\Pipeline->Illuminate\\Pipeline\\{closure}()
#36 /home/pd/Desktop/Me/Projects/HMS/totalhms-backend/private/vendor/laravel/framework/src/Illuminate/Foundation/Http/Middleware/TransformsRequest.php(21): Illuminate\\Routing\\Pipeline->Illuminate\\Routing\\{closure}()
#37 /home/pd/Desktop/Me/Projects/HMS/totalhms-backend/private/vendor/laravel/framework/src/Illuminate/Pipeline/Pipeline.php(163): Illuminate\\Foundation\\Http\\Middleware\\TransformsRequest->handle()
#38 /home/pd/Desktop/Me/Projects/HMS/totalhms-backend/private/vendor/laravel/framework/src/Illuminate/Routing/Pipeline.php(53): Illuminate\\Pipeline\\Pipeline->Illuminate\\Pipeline\\{closure}()
#39 /home/pd/Desktop/Me/Projects/HMS/totalhms-backend/private/vendor/laravel/framework/src/Illuminate/Foundation/Http/Middleware/ValidatePostSize.php(27): Illuminate\\Routing\\Pipeline->Illuminate\\Routing\\{closure}()
#40 /home/pd/Desktop/Me/Projects/HMS/totalhms-backend/private/vendor/laravel/framework/src/Illuminate/Pipeline/Pipeline.php(163): Illuminate\\Foundation\\Http\\Middleware\\ValidatePostSize->handle()
#41 /home/pd/Desktop/Me/Projects/HMS/totalhms-backend/private/vendor/laravel/framework/src/Illuminate/Routing/Pipeline.php(53): Illuminate\\Pipeline\\Pipeline->Illuminate\\Pipeline\\{closure}()
#42 /home/pd/Desktop/Me/Projects/HMS/totalhms-backend/private/vendor/laravel/framework/src/Illuminate/Foundation/Http/Middleware/CheckForMaintenanceMode.php(62): Illuminate\\Routing\\Pipeline->Illuminate\\Routing\\{closure}()
#43 /home/pd/Desktop/Me/Projects/HMS/totalhms-backend/private/vendor/laravel/framework/src/Illuminate/Pipeline/Pipeline.php(163): Illuminate\\Foundation\\Http\\Middleware\\CheckForMaintenanceMode->handle()
#44 /home/pd/Desktop/Me/Projects/HMS/totalhms-backend/private/vendor/laravel/framework/src/Illuminate/Routing/Pipeline.php(53): Illuminate\\Pipeline\\Pipeline->Illuminate\\Pipeline\\{closure}()
#45 /home/pd/Desktop/Me/Projects/HMS/totalhms-backend/private/vendor/fruitcake/laravel-cors/src/HandleCors.php(58): Illuminate\\Routing\\Pipeline->Illuminate\\Routing\\{closure}()
#46 /home/pd/Desktop/Me/Projects/HMS/totalhms-backend/private/vendor/laravel/framework/src/Illuminate/Pipeline/Pipeline.php(163): Fruitcake\\Cors\\HandleCors->handle()
#47 /home/pd/Desktop/Me/Projects/HMS/totalhms-backend/private/vendor/laravel/framework/src/Illuminate/Routing/Pipeline.php(53): Illuminate\\Pipeline\\Pipeline->Illuminate\\Pipeline\\{closure}()
#48 /home/pd/Desktop/Me/Projects/HMS/totalhms-backend/private/vendor/laravel/framework/src/Illuminate/Pipeline/Pipeline.php(104): Illuminate\\Routing\\Pipeline->Illuminate\\Routing\\{closure}()
#49 /home/pd/Desktop/Me/Projects/HMS/totalhms-backend/private/vendor/laravel/framework/src/Illuminate/Foundation/Http/Kernel.php(151): Illuminate\\Pipeline\\Pipeline->then()
#50 /home/pd/Desktop/Me/Projects/HMS/totalhms-backend/private/vendor/laravel/framework/src/Illuminate/Foundation/Http/Kernel.php(116): Illuminate\\Foundation\\Http\\Kernel->sendRequestThroughRouter()
#51 /home/pd/Desktop/Me/Projects/HMS/totalhms-backend/private/public/index.php(57): Illuminate\\Foundation\\Http\\Kernel->handle()
#52 /home/pd/Desktop/Me/Projects/HMS/totalhms-backend/private/server.php(21): require_once('/home/pd/Deskto...')
#53 {main}
"} 
[2023-11-02 03:51:38] local.ERROR: Trying to get property 'type' of non-object {"userId":2,"exception":"[object] (ErrorException(code: 0): Trying to get property 'type' of non-object at /home/pd/Desktop/Me/Projects/HMS/totalhms-backend/private/app/Http/Controllers/StatementController.php:231)
[stacktrace]
#0 /home/pd/Desktop/Me/Projects/HMS/totalhms-backend/private/app/Http/Controllers/StatementController.php(231): Illuminate\\Foundation\\Bootstrap\\HandleExceptions->handleError()
#1 [internal function]: App\\Http\\Controllers\\StatementController->index()
#2 /home/pd/Desktop/Me/Projects/HMS/totalhms-backend/private/vendor/laravel/framework/src/Illuminate/Routing/Controller.php(54): call_user_func_array()
#3 /home/pd/Desktop/Me/Projects/HMS/totalhms-backend/private/vendor/laravel/framework/src/Illuminate/Routing/ControllerDispatcher.php(45): Illuminate\\Routing\\Controller->callAction()
#4 /home/pd/Desktop/Me/Projects/HMS/totalhms-backend/private/vendor/laravel/framework/src/Illuminate/Routing/Route.php(219): Illuminate\\Routing\\ControllerDispatcher->dispatch()
#5 /home/pd/Desktop/Me/Projects/HMS/totalhms-backend/private/vendor/laravel/framework/src/Illuminate/Routing/Route.php(176): Illuminate\\Routing\\Route->runController()
#6 /home/pd/Desktop/Me/Projects/HMS/totalhms-backend/private/vendor/laravel/framework/src/Illuminate/Routing/Router.php(680): Illuminate\\Routing\\Route->run()
#7 /home/pd/Desktop/Me/Projects/HMS/totalhms-backend/private/vendor/laravel/framework/src/Illuminate/Routing/Pipeline.php(30): Illuminate\\Routing\\Router->Illuminate\\Routing\\{closure}()
#8 /home/pd/Desktop/Me/Projects/HMS/totalhms-backend/private/app/Http/Middleware/JwtMiddleware.php(40): Illuminate\\Routing\\Pipeline->Illuminate\\Routing\\{closure}()
#9 /home/pd/Desktop/Me/Projects/HMS/totalhms-backend/private/vendor/laravel/framework/src/Illuminate/Pipeline/Pipeline.php(163): App\\Http\\Middleware\\JwtMiddleware->handle()
#10 /home/pd/Desktop/Me/Projects/HMS/totalhms-backend/private/vendor/laravel/framework/src/Illuminate/Routing/Pipeline.php(53): Illuminate\\Pipeline\\Pipeline->Illuminate\\Pipeline\\{closure}()
#11 /home/pd/Desktop/Me/Projects/HMS/totalhms-backend/private/vendor/laravel/framework/src/Illuminate/Routing/Middleware/SubstituteBindings.php(41): Illuminate\\Routing\\Pipeline->Illuminate\\Routing\\{closure}()
#12 /home/pd/Desktop/Me/Projects/HMS/totalhms-backend/private/vendor/laravel/framework/src/Illuminate/Pipeline/Pipeline.php(163): Illuminate\\Routing\\Middleware\\SubstituteBindings->handle()
#13 /home/pd/Desktop/Me/Projects/HMS/totalhms-backend/private/vendor/laravel/framework/src/Illuminate/Routing/Pipeline.php(53): Illuminate\\Pipeline\\Pipeline->Illuminate\\Pipeline\\{closure}()
#14 /home/pd/Desktop/Me/Projects/HMS/totalhms-backend/private/app/Http/Middleware/Localization.php(20): Illuminate\\Routing\\Pipeline->Illuminate\\Routing\\{closure}()
#15 /home/pd/Desktop/Me/Projects/HMS/totalhms-backend/private/vendor/laravel/framework/src/Illuminate/Pipeline/Pipeline.php(163): App\\Http\\Middleware\\Localization->handle()
#16 /home/pd/Desktop/Me/Projects/HMS/totalhms-backend/private/vendor/laravel/framework/src/Illuminate/Routing/Pipeline.php(53): Illuminate\\Pipeline\\Pipeline->Illuminate\\Pipeline\\{closure}()
#17 /home/pd/Desktop/Me/Projects/HMS/totalhms-backend/private/vendor/laravel/framework/src/Illuminate/Routing/Middleware/ThrottleRequests.php(58): Illuminate\\Routing\\Pipeline->Illuminate\\Routing\\{closure}()
#18 /home/pd/Desktop/Me/Projects/HMS/totalhms-backend/private/vendor/laravel/framework/src/Illuminate/Pipeline/Pipeline.php(163): Illuminate\\Routing\\Middleware\\ThrottleRequests->handle()
#19 /home/pd/Desktop/Me/Projects/HMS/totalhms-backend/private/vendor/laravel/framework/src/Illuminate/Routing/Pipeline.php(53): Illuminate\\Pipeline\\Pipeline->Illuminate\\Pipeline\\{closure}()
#20 /home/pd/Desktop/Me/Projects/HMS/totalhms-backend/private/vendor/laravel/framework/src/Illuminate/Pipeline/Pipeline.php(104): Illuminate\\Routing\\Pipeline->Illuminate\\Routing\\{closure}()
#21 /home/pd/Desktop/Me/Projects/HMS/totalhms-backend/private/vendor/laravel/framework/src/Illuminate/Routing/Router.php(682): Illuminate\\Pipeline\\Pipeline->then()
#22 /home/pd/Desktop/Me/Projects/HMS/totalhms-backend/private/vendor/laravel/framework/src/Illuminate/Routing/Router.php(657): Illuminate\\Routing\\Router->runRouteWithinStack()
#23 /home/pd/Desktop/Me/Projects/HMS/totalhms-backend/private/vendor/laravel/framework/src/Illuminate/Routing/Router.php(623): Illuminate\\Routing\\Router->runRoute()
#24 /home/pd/Desktop/Me/Projects/HMS/totalhms-backend/private/vendor/laravel/framework/src/Illuminate/Routing/Router.php(612): Illuminate\\Routing\\Router->dispatchToRoute()
#25 /home/pd/Desktop/Me/Projects/HMS/totalhms-backend/private/vendor/laravel/framework/src/Illuminate/Foundation/Http/Kernel.php(176): Illuminate\\Routing\\Router->dispatch()
#26 /home/pd/Desktop/Me/Projects/HMS/totalhms-backend/private/vendor/laravel/framework/src/Illuminate/Routing/Pipeline.php(30): Illuminate\\Foundation\\Http\\Kernel->Illuminate\\Foundation\\Http\\{closure}()
#27 /home/pd/Desktop/Me/Projects/HMS/totalhms-backend/private/vendor/barryvdh/laravel-debugbar/src/Middleware/InjectDebugbar.php(65): Illuminate\\Routing\\Pipeline->Illuminate\\Routing\\{closure}()
#28 /home/pd/Desktop/Me/Projects/HMS/totalhms-backend/private/vendor/laravel/framework/src/Illuminate/Pipeline/Pipeline.php(163): Barryvdh\\Debugbar\\Middleware\\InjectDebugbar->handle()
#29 /home/pd/Desktop/Me/Projects/HMS/totalhms-backend/private/vendor/laravel/framework/src/Illuminate/Routing/Pipeline.php(53): Illuminate\\Pipeline\\Pipeline->Illuminate\\Pipeline\\{closure}()
#30 /home/pd/Desktop/Me/Projects/HMS/totalhms-backend/private/vendor/fideloper/proxy/src/TrustProxies.php(57): Illuminate\\Routing\\Pipeline->Illuminate\\Routing\\{closure}()
#31 /home/pd/Desktop/Me/Projects/HMS/totalhms-backend/private/vendor/laravel/framework/src/Illuminate/Pipeline/Pipeline.php(163): Fideloper\\Proxy\\TrustProxies->handle()
#32 /home/pd/Desktop/Me/Projects/HMS/totalhms-backend/private/vendor/laravel/framework/src/Illuminate/Routing/Pipeline.php(53): Illuminate\\Pipeline\\Pipeline->Illuminate\\Pipeline\\{closure}()
#33 /home/pd/Desktop/Me/Projects/HMS/totalhms-backend/private/vendor/laravel/framework/src/Illuminate/Foundation/Http/Middleware/TransformsRequest.php(21): Illuminate\\Routing\\Pipeline->Illuminate\\Routing\\{closure}()
#34 /home/pd/Desktop/Me/Projects/HMS/totalhms-backend/private/vendor/laravel/framework/src/Illuminate/Pipeline/Pipeline.php(163): Illuminate\\Foundation\\Http\\Middleware\\TransformsRequest->handle()
#35 /home/pd/Desktop/Me/Projects/HMS/totalhms-backend/private/vendor/laravel/framework/src/Illuminate/Routing/Pipeline.php(53): Illuminate\\Pipeline\\Pipeline->Illuminate\\Pipeline\\{closure}()
#36 /home/pd/Desktop/Me/Projects/HMS/totalhms-backend/private/vendor/laravel/framework/src/Illuminate/Foundation/Http/Middleware/TransformsRequest.php(21): Illuminate\\Routing\\Pipeline->Illuminate\\Routing\\{closure}()
#37 /home/pd/Desktop/Me/Projects/HMS/totalhms-backend/private/vendor/laravel/framework/src/Illuminate/Pipeline/Pipeline.php(163): Illuminate\\Foundation\\Http\\Middleware\\TransformsRequest->handle()
#38 /home/pd/Desktop/Me/Projects/HMS/totalhms-backend/private/vendor/laravel/framework/src/Illuminate/Routing/Pipeline.php(53): Illuminate\\Pipeline\\Pipeline->Illuminate\\Pipeline\\{closure}()
#39 /home/pd/Desktop/Me/Projects/HMS/totalhms-backend/private/vendor/laravel/framework/src/Illuminate/Foundation/Http/Middleware/ValidatePostSize.php(27): Illuminate\\Routing\\Pipeline->Illuminate\\Routing\\{closure}()
#40 /home/pd/Desktop/Me/Projects/HMS/totalhms-backend/private/vendor/laravel/framework/src/Illuminate/Pipeline/Pipeline.php(163): Illuminate\\Foundation\\Http\\Middleware\\ValidatePostSize->handle()
#41 /home/pd/Desktop/Me/Projects/HMS/totalhms-backend/private/vendor/laravel/framework/src/Illuminate/Routing/Pipeline.php(53): Illuminate\\Pipeline\\Pipeline->Illuminate\\Pipeline\\{closure}()
#42 /home/pd/Desktop/Me/Projects/HMS/totalhms-backend/private/vendor/laravel/framework/src/Illuminate/Foundation/Http/Middleware/CheckForMaintenanceMode.php(62): Illuminate\\Routing\\Pipeline->Illuminate\\Routing\\{closure}()
#43 /home/pd/Desktop/Me/Projects/HMS/totalhms-backend/private/vendor/laravel/framework/src/Illuminate/Pipeline/Pipeline.php(163): Illuminate\\Foundation\\Http\\Middleware\\CheckForMaintenanceMode->handle()
#44 /home/pd/Desktop/Me/Projects/HMS/totalhms-backend/private/vendor/laravel/framework/src/Illuminate/Routing/Pipeline.php(53): Illuminate\\Pipeline\\Pipeline->Illuminate\\Pipeline\\{closure}()
#45 /home/pd/Desktop/Me/Projects/HMS/totalhms-backend/private/vendor/fruitcake/laravel-cors/src/HandleCors.php(58): Illuminate\\Routing\\Pipeline->Illuminate\\Routing\\{closure}()
#46 /home/pd/Desktop/Me/Projects/HMS/totalhms-backend/private/vendor/laravel/framework/src/Illuminate/Pipeline/Pipeline.php(163): Fruitcake\\Cors\\HandleCors->handle()
#47 /home/pd/Desktop/Me/Projects/HMS/totalhms-backend/private/vendor/laravel/framework/src/Illuminate/Routing/Pipeline.php(53): Illuminate\\Pipeline\\Pipeline->Illuminate\\Pipeline\\{closure}()
#48 /home/pd/Desktop/Me/Projects/HMS/totalhms-backend/private/vendor/laravel/framework/src/Illuminate/Pipeline/Pipeline.php(104): Illuminate\\Routing\\Pipeline->Illuminate\\Routing\\{closure}()
#49 /home/pd/Desktop/Me/Projects/HMS/totalhms-backend/private/vendor/laravel/framework/src/Illuminate/Foundation/Http/Kernel.php(151): Illuminate\\Pipeline\\Pipeline->then()
#50 /home/pd/Desktop/Me/Projects/HMS/totalhms-backend/private/vendor/laravel/framework/src/Illuminate/Foundation/Http/Kernel.php(116): Illuminate\\Foundation\\Http\\Kernel->sendRequestThroughRouter()
#51 /home/pd/Desktop/Me/Projects/HMS/totalhms-backend/private/public/index.php(57): Illuminate\\Foundation\\Http\\Kernel->handle()
#52 /home/pd/Desktop/Me/Projects/HMS/totalhms-backend/private/server.php(21): require_once('/home/pd/Deskto...')
#53 {main}
"} 
[2023-11-02 04:21:41] local.ERROR: Trying to get property 'type' of non-object {"userId":2,"exception":"[object] (ErrorException(code: 0): Trying to get property 'type' of non-object at /home/pd/Desktop/Me/Projects/HMS/totalhms-backend/private/app/Http/Controllers/StatementController.php:231)
[stacktrace]
#0 /home/pd/Desktop/Me/Projects/HMS/totalhms-backend/private/app/Http/Controllers/StatementController.php(231): Illuminate\\Foundation\\Bootstrap\\HandleExceptions->handleError()
#1 [internal function]: App\\Http\\Controllers\\StatementController->index()
#2 /home/pd/Desktop/Me/Projects/HMS/totalhms-backend/private/vendor/laravel/framework/src/Illuminate/Routing/Controller.php(54): call_user_func_array()
#3 /home/pd/Desktop/Me/Projects/HMS/totalhms-backend/private/vendor/laravel/framework/src/Illuminate/Routing/ControllerDispatcher.php(45): Illuminate\\Routing\\Controller->callAction()
#4 /home/pd/Desktop/Me/Projects/HMS/totalhms-backend/private/vendor/laravel/framework/src/Illuminate/Routing/Route.php(219): Illuminate\\Routing\\ControllerDispatcher->dispatch()
#5 /home/pd/Desktop/Me/Projects/HMS/totalhms-backend/private/vendor/laravel/framework/src/Illuminate/Routing/Route.php(176): Illuminate\\Routing\\Route->runController()
#6 /home/pd/Desktop/Me/Projects/HMS/totalhms-backend/private/vendor/laravel/framework/src/Illuminate/Routing/Router.php(680): Illuminate\\Routing\\Route->run()
#7 /home/pd/Desktop/Me/Projects/HMS/totalhms-backend/private/vendor/laravel/framework/src/Illuminate/Routing/Pipeline.php(30): Illuminate\\Routing\\Router->Illuminate\\Routing\\{closure}()
#8 /home/pd/Desktop/Me/Projects/HMS/totalhms-backend/private/app/Http/Middleware/JwtMiddleware.php(40): Illuminate\\Routing\\Pipeline->Illuminate\\Routing\\{closure}()
#9 /home/pd/Desktop/Me/Projects/HMS/totalhms-backend/private/vendor/laravel/framework/src/Illuminate/Pipeline/Pipeline.php(163): App\\Http\\Middleware\\JwtMiddleware->handle()
#10 /home/pd/Desktop/Me/Projects/HMS/totalhms-backend/private/vendor/laravel/framework/src/Illuminate/Routing/Pipeline.php(53): Illuminate\\Pipeline\\Pipeline->Illuminate\\Pipeline\\{closure}()
#11 /home/pd/Desktop/Me/Projects/HMS/totalhms-backend/private/vendor/laravel/framework/src/Illuminate/Routing/Middleware/SubstituteBindings.php(41): Illuminate\\Routing\\Pipeline->Illuminate\\Routing\\{closure}()
#12 /home/pd/Desktop/Me/Projects/HMS/totalhms-backend/private/vendor/laravel/framework/src/Illuminate/Pipeline/Pipeline.php(163): Illuminate\\Routing\\Middleware\\SubstituteBindings->handle()
#13 /home/pd/Desktop/Me/Projects/HMS/totalhms-backend/private/vendor/laravel/framework/src/Illuminate/Routing/Pipeline.php(53): Illuminate\\Pipeline\\Pipeline->Illuminate\\Pipeline\\{closure}()
#14 /home/pd/Desktop/Me/Projects/HMS/totalhms-backend/private/app/Http/Middleware/Localization.php(20): Illuminate\\Routing\\Pipeline->Illuminate\\Routing\\{closure}()
#15 /home/pd/Desktop/Me/Projects/HMS/totalhms-backend/private/vendor/laravel/framework/src/Illuminate/Pipeline/Pipeline.php(163): App\\Http\\Middleware\\Localization->handle()
#16 /home/pd/Desktop/Me/Projects/HMS/totalhms-backend/private/vendor/laravel/framework/src/Illuminate/Routing/Pipeline.php(53): Illuminate\\Pipeline\\Pipeline->Illuminate\\Pipeline\\{closure}()
#17 /home/pd/Desktop/Me/Projects/HMS/totalhms-backend/private/vendor/laravel/framework/src/Illuminate/Routing/Middleware/ThrottleRequests.php(58): Illuminate\\Routing\\Pipeline->Illuminate\\Routing\\{closure}()
#18 /home/pd/Desktop/Me/Projects/HMS/totalhms-backend/private/vendor/laravel/framework/src/Illuminate/Pipeline/Pipeline.php(163): Illuminate\\Routing\\Middleware\\ThrottleRequests->handle()
#19 /home/pd/Desktop/Me/Projects/HMS/totalhms-backend/private/vendor/laravel/framework/src/Illuminate/Routing/Pipeline.php(53): Illuminate\\Pipeline\\Pipeline->Illuminate\\Pipeline\\{closure}()
#20 /home/pd/Desktop/Me/Projects/HMS/totalhms-backend/private/vendor/laravel/framework/src/Illuminate/Pipeline/Pipeline.php(104): Illuminate\\Routing\\Pipeline->Illuminate\\Routing\\{closure}()
#21 /home/pd/Desktop/Me/Projects/HMS/totalhms-backend/private/vendor/laravel/framework/src/Illuminate/Routing/Router.php(682): Illuminate\\Pipeline\\Pipeline->then()
#22 /home/pd/Desktop/Me/Projects/HMS/totalhms-backend/private/vendor/laravel/framework/src/Illuminate/Routing/Router.php(657): Illuminate\\Routing\\Router->runRouteWithinStack()
#23 /home/pd/Desktop/Me/Projects/HMS/totalhms-backend/private/vendor/laravel/framework/src/Illuminate/Routing/Router.php(623): Illuminate\\Routing\\Router->runRoute()
#24 /home/pd/Desktop/Me/Projects/HMS/totalhms-backend/private/vendor/laravel/framework/src/Illuminate/Routing/Router.php(612): Illuminate\\Routing\\Router->dispatchToRoute()
#25 /home/pd/Desktop/Me/Projects/HMS/totalhms-backend/private/vendor/laravel/framework/src/Illuminate/Foundation/Http/Kernel.php(176): Illuminate\\Routing\\Router->dispatch()
#26 /home/pd/Desktop/Me/Projects/HMS/totalhms-backend/private/vendor/laravel/framework/src/Illuminate/Routing/Pipeline.php(30): Illuminate\\Foundation\\Http\\Kernel->Illuminate\\Foundation\\Http\\{closure}()
#27 /home/pd/Desktop/Me/Projects/HMS/totalhms-backend/private/vendor/barryvdh/laravel-debugbar/src/Middleware/InjectDebugbar.php(65): Illuminate\\Routing\\Pipeline->Illuminate\\Routing\\{closure}()
#28 /home/pd/Desktop/Me/Projects/HMS/totalhms-backend/private/vendor/laravel/framework/src/Illuminate/Pipeline/Pipeline.php(163): Barryvdh\\Debugbar\\Middleware\\InjectDebugbar->handle()
#29 /home/pd/Desktop/Me/Projects/HMS/totalhms-backend/private/vendor/laravel/framework/src/Illuminate/Routing/Pipeline.php(53): Illuminate\\Pipeline\\Pipeline->Illuminate\\Pipeline\\{closure}()
#30 /home/pd/Desktop/Me/Projects/HMS/totalhms-backend/private/vendor/fideloper/proxy/src/TrustProxies.php(57): Illuminate\\Routing\\Pipeline->Illuminate\\Routing\\{closure}()
#31 /home/pd/Desktop/Me/Projects/HMS/totalhms-backend/private/vendor/laravel/framework/src/Illuminate/Pipeline/Pipeline.php(163): Fideloper\\Proxy\\TrustProxies->handle()
#32 /home/pd/Desktop/Me/Projects/HMS/totalhms-backend/private/vendor/laravel/framework/src/Illuminate/Routing/Pipeline.php(53): Illuminate\\Pipeline\\Pipeline->Illuminate\\Pipeline\\{closure}()
#33 /home/pd/Desktop/Me/Projects/HMS/totalhms-backend/private/vendor/laravel/framework/src/Illuminate/Foundation/Http/Middleware/TransformsRequest.php(21): Illuminate\\Routing\\Pipeline->Illuminate\\Routing\\{closure}()
#34 /home/pd/Desktop/Me/Projects/HMS/totalhms-backend/private/vendor/laravel/framework/src/Illuminate/Pipeline/Pipeline.php(163): Illuminate\\Foundation\\Http\\Middleware\\TransformsRequest->handle()
#35 /home/pd/Desktop/Me/Projects/HMS/totalhms-backend/private/vendor/laravel/framework/src/Illuminate/Routing/Pipeline.php(53): Illuminate\\Pipeline\\Pipeline->Illuminate\\Pipeline\\{closure}()
#36 /home/pd/Desktop/Me/Projects/HMS/totalhms-backend/private/vendor/laravel/framework/src/Illuminate/Foundation/Http/Middleware/TransformsRequest.php(21): Illuminate\\Routing\\Pipeline->Illuminate\\Routing\\{closure}()
#37 /home/pd/Desktop/Me/Projects/HMS/totalhms-backend/private/vendor/laravel/framework/src/Illuminate/Pipeline/Pipeline.php(163): Illuminate\\Foundation\\Http\\Middleware\\TransformsRequest->handle()
#38 /home/pd/Desktop/Me/Projects/HMS/totalhms-backend/private/vendor/laravel/framework/src/Illuminate/Routing/Pipeline.php(53): Illuminate\\Pipeline\\Pipeline->Illuminate\\Pipeline\\{closure}()
#39 /home/pd/Desktop/Me/Projects/HMS/totalhms-backend/private/vendor/laravel/framework/src/Illuminate/Foundation/Http/Middleware/ValidatePostSize.php(27): Illuminate\\Routing\\Pipeline->Illuminate\\Routing\\{closure}()
#40 /home/pd/Desktop/Me/Projects/HMS/totalhms-backend/private/vendor/laravel/framework/src/Illuminate/Pipeline/Pipeline.php(163): Illuminate\\Foundation\\Http\\Middleware\\ValidatePostSize->handle()
#41 /home/pd/Desktop/Me/Projects/HMS/totalhms-backend/private/vendor/laravel/framework/src/Illuminate/Routing/Pipeline.php(53): Illuminate\\Pipeline\\Pipeline->Illuminate\\Pipeline\\{closure}()
#42 /home/pd/Desktop/Me/Projects/HMS/totalhms-backend/private/vendor/laravel/framework/src/Illuminate/Foundation/Http/Middleware/CheckForMaintenanceMode.php(62): Illuminate\\Routing\\Pipeline->Illuminate\\Routing\\{closure}()
#43 /home/pd/Desktop/Me/Projects/HMS/totalhms-backend/private/vendor/laravel/framework/src/Illuminate/Pipeline/Pipeline.php(163): Illuminate\\Foundation\\Http\\Middleware\\CheckForMaintenanceMode->handle()
#44 /home/pd/Desktop/Me/Projects/HMS/totalhms-backend/private/vendor/laravel/framework/src/Illuminate/Routing/Pipeline.php(53): Illuminate\\Pipeline\\Pipeline->Illuminate\\Pipeline\\{closure}()
#45 /home/pd/Desktop/Me/Projects/HMS/totalhms-backend/private/vendor/fruitcake/laravel-cors/src/HandleCors.php(58): Illuminate\\Routing\\Pipeline->Illuminate\\Routing\\{closure}()
#46 /home/pd/Desktop/Me/Projects/HMS/totalhms-backend/private/vendor/laravel/framework/src/Illuminate/Pipeline/Pipeline.php(163): Fruitcake\\Cors\\HandleCors->handle()
#47 /home/pd/Desktop/Me/Projects/HMS/totalhms-backend/private/vendor/laravel/framework/src/Illuminate/Routing/Pipeline.php(53): Illuminate\\Pipeline\\Pipeline->Illuminate\\Pipeline\\{closure}()
#48 /home/pd/Desktop/Me/Projects/HMS/totalhms-backend/private/vendor/laravel/framework/src/Illuminate/Pipeline/Pipeline.php(104): Illuminate\\Routing\\Pipeline->Illuminate\\Routing\\{closure}()
#49 /home/pd/Desktop/Me/Projects/HMS/totalhms-backend/private/vendor/laravel/framework/src/Illuminate/Foundation/Http/Kernel.php(151): Illuminate\\Pipeline\\Pipeline->then()
#50 /home/pd/Desktop/Me/Projects/HMS/totalhms-backend/private/vendor/laravel/framework/src/Illuminate/Foundation/Http/Kernel.php(116): Illuminate\\Foundation\\Http\\Kernel->sendRequestThroughRouter()
#51 /home/pd/Desktop/Me/Projects/HMS/totalhms-backend/private/public/index.php(57): Illuminate\\Foundation\\Http\\Kernel->handle()
#52 /home/pd/Desktop/Me/Projects/HMS/totalhms-backend/private/server.php(21): require_once('/home/pd/Deskto...')
#53 {main}
"} 
[2023-11-02 06:46:19] local.ERROR: Trying to get property 'type' of non-object {"userId":2,"exception":"[object] (ErrorException(code: 0): Trying to get property 'type' of non-object at /home/pd/Desktop/Me/Projects/HMS/totalhms-backend/private/app/Http/Controllers/StatementController.php:231)
[stacktrace]
#0 /home/pd/Desktop/Me/Projects/HMS/totalhms-backend/private/app/Http/Controllers/StatementController.php(231): Illuminate\\Foundation\\Bootstrap\\HandleExceptions->handleError()
#1 [internal function]: App\\Http\\Controllers\\StatementController->index()
#2 /home/pd/Desktop/Me/Projects/HMS/totalhms-backend/private/vendor/laravel/framework/src/Illuminate/Routing/Controller.php(54): call_user_func_array()
#3 /home/pd/Desktop/Me/Projects/HMS/totalhms-backend/private/vendor/laravel/framework/src/Illuminate/Routing/ControllerDispatcher.php(45): Illuminate\\Routing\\Controller->callAction()
#4 /home/pd/Desktop/Me/Projects/HMS/totalhms-backend/private/vendor/laravel/framework/src/Illuminate/Routing/Route.php(219): Illuminate\\Routing\\ControllerDispatcher->dispatch()
#5 /home/pd/Desktop/Me/Projects/HMS/totalhms-backend/private/vendor/laravel/framework/src/Illuminate/Routing/Route.php(176): Illuminate\\Routing\\Route->runController()
#6 /home/pd/Desktop/Me/Projects/HMS/totalhms-backend/private/vendor/laravel/framework/src/Illuminate/Routing/Router.php(680): Illuminate\\Routing\\Route->run()
#7 /home/pd/Desktop/Me/Projects/HMS/totalhms-backend/private/vendor/laravel/framework/src/Illuminate/Routing/Pipeline.php(30): Illuminate\\Routing\\Router->Illuminate\\Routing\\{closure}()
#8 /home/pd/Desktop/Me/Projects/HMS/totalhms-backend/private/app/Http/Middleware/JwtMiddleware.php(40): Illuminate\\Routing\\Pipeline->Illuminate\\Routing\\{closure}()
#9 /home/pd/Desktop/Me/Projects/HMS/totalhms-backend/private/vendor/laravel/framework/src/Illuminate/Pipeline/Pipeline.php(163): App\\Http\\Middleware\\JwtMiddleware->handle()
#10 /home/pd/Desktop/Me/Projects/HMS/totalhms-backend/private/vendor/laravel/framework/src/Illuminate/Routing/Pipeline.php(53): Illuminate\\Pipeline\\Pipeline->Illuminate\\Pipeline\\{closure}()
#11 /home/pd/Desktop/Me/Projects/HMS/totalhms-backend/private/vendor/laravel/framework/src/Illuminate/Routing/Middleware/SubstituteBindings.php(41): Illuminate\\Routing\\Pipeline->Illuminate\\Routing\\{closure}()
#12 /home/pd/Desktop/Me/Projects/HMS/totalhms-backend/private/vendor/laravel/framework/src/Illuminate/Pipeline/Pipeline.php(163): Illuminate\\Routing\\Middleware\\SubstituteBindings->handle()
#13 /home/pd/Desktop/Me/Projects/HMS/totalhms-backend/private/vendor/laravel/framework/src/Illuminate/Routing/Pipeline.php(53): Illuminate\\Pipeline\\Pipeline->Illuminate\\Pipeline\\{closure}()
#14 /home/pd/Desktop/Me/Projects/HMS/totalhms-backend/private/app/Http/Middleware/Localization.php(20): Illuminate\\Routing\\Pipeline->Illuminate\\Routing\\{closure}()
#15 /home/pd/Desktop/Me/Projects/HMS/totalhms-backend/private/vendor/laravel/framework/src/Illuminate/Pipeline/Pipeline.php(163): App\\Http\\Middleware\\Localization->handle()
#16 /home/pd/Desktop/Me/Projects/HMS/totalhms-backend/private/vendor/laravel/framework/src/Illuminate/Routing/Pipeline.php(53): Illuminate\\Pipeline\\Pipeline->Illuminate\\Pipeline\\{closure}()
#17 /home/pd/Desktop/Me/Projects/HMS/totalhms-backend/private/vendor/laravel/framework/src/Illuminate/Routing/Middleware/ThrottleRequests.php(58): Illuminate\\Routing\\Pipeline->Illuminate\\Routing\\{closure}()
#18 /home/pd/Desktop/Me/Projects/HMS/totalhms-backend/private/vendor/laravel/framework/src/Illuminate/Pipeline/Pipeline.php(163): Illuminate\\Routing\\Middleware\\ThrottleRequests->handle()
#19 /home/pd/Desktop/Me/Projects/HMS/totalhms-backend/private/vendor/laravel/framework/src/Illuminate/Routing/Pipeline.php(53): Illuminate\\Pipeline\\Pipeline->Illuminate\\Pipeline\\{closure}()
#20 /home/pd/Desktop/Me/Projects/HMS/totalhms-backend/private/vendor/laravel/framework/src/Illuminate/Pipeline/Pipeline.php(104): Illuminate\\Routing\\Pipeline->Illuminate\\Routing\\{closure}()
#21 /home/pd/Desktop/Me/Projects/HMS/totalhms-backend/private/vendor/laravel/framework/src/Illuminate/Routing/Router.php(682): Illuminate\\Pipeline\\Pipeline->then()
#22 /home/pd/Desktop/Me/Projects/HMS/totalhms-backend/private/vendor/laravel/framework/src/Illuminate/Routing/Router.php(657): Illuminate\\Routing\\Router->runRouteWithinStack()
#23 /home/pd/Desktop/Me/Projects/HMS/totalhms-backend/private/vendor/laravel/framework/src/Illuminate/Routing/Router.php(623): Illuminate\\Routing\\Router->runRoute()
#24 /home/pd/Desktop/Me/Projects/HMS/totalhms-backend/private/vendor/laravel/framework/src/Illuminate/Routing/Router.php(612): Illuminate\\Routing\\Router->dispatchToRoute()
#25 /home/pd/Desktop/Me/Projects/HMS/totalhms-backend/private/vendor/laravel/framework/src/Illuminate/Foundation/Http/Kernel.php(176): Illuminate\\Routing\\Router->dispatch()
#26 /home/pd/Desktop/Me/Projects/HMS/totalhms-backend/private/vendor/laravel/framework/src/Illuminate/Routing/Pipeline.php(30): Illuminate\\Foundation\\Http\\Kernel->Illuminate\\Foundation\\Http\\{closure}()
#27 /home/pd/Desktop/Me/Projects/HMS/totalhms-backend/private/vendor/barryvdh/laravel-debugbar/src/Middleware/InjectDebugbar.php(65): Illuminate\\Routing\\Pipeline->Illuminate\\Routing\\{closure}()
#28 /home/pd/Desktop/Me/Projects/HMS/totalhms-backend/private/vendor/laravel/framework/src/Illuminate/Pipeline/Pipeline.php(163): Barryvdh\\Debugbar\\Middleware\\InjectDebugbar->handle()
#29 /home/pd/Desktop/Me/Projects/HMS/totalhms-backend/private/vendor/laravel/framework/src/Illuminate/Routing/Pipeline.php(53): Illuminate\\Pipeline\\Pipeline->Illuminate\\Pipeline\\{closure}()
#30 /home/pd/Desktop/Me/Projects/HMS/totalhms-backend/private/vendor/fideloper/proxy/src/TrustProxies.php(57): Illuminate\\Routing\\Pipeline->Illuminate\\Routing\\{closure}()
#31 /home/pd/Desktop/Me/Projects/HMS/totalhms-backend/private/vendor/laravel/framework/src/Illuminate/Pipeline/Pipeline.php(163): Fideloper\\Proxy\\TrustProxies->handle()
#32 /home/pd/Desktop/Me/Projects/HMS/totalhms-backend/private/vendor/laravel/framework/src/Illuminate/Routing/Pipeline.php(53): Illuminate\\Pipeline\\Pipeline->Illuminate\\Pipeline\\{closure}()
#33 /home/pd/Desktop/Me/Projects/HMS/totalhms-backend/private/vendor/laravel/framework/src/Illuminate/Foundation/Http/Middleware/TransformsRequest.php(21): Illuminate\\Routing\\Pipeline->Illuminate\\Routing\\{closure}()
#34 /home/pd/Desktop/Me/Projects/HMS/totalhms-backend/private/vendor/laravel/framework/src/Illuminate/Pipeline/Pipeline.php(163): Illuminate\\Foundation\\Http\\Middleware\\TransformsRequest->handle()
#35 /home/pd/Desktop/Me/Projects/HMS/totalhms-backend/private/vendor/laravel/framework/src/Illuminate/Routing/Pipeline.php(53): Illuminate\\Pipeline\\Pipeline->Illuminate\\Pipeline\\{closure}()
#36 /home/pd/Desktop/Me/Projects/HMS/totalhms-backend/private/vendor/laravel/framework/src/Illuminate/Foundation/Http/Middleware/TransformsRequest.php(21): Illuminate\\Routing\\Pipeline->Illuminate\\Routing\\{closure}()
#37 /home/pd/Desktop/Me/Projects/HMS/totalhms-backend/private/vendor/laravel/framework/src/Illuminate/Pipeline/Pipeline.php(163): Illuminate\\Foundation\\Http\\Middleware\\TransformsRequest->handle()
#38 /home/pd/Desktop/Me/Projects/HMS/totalhms-backend/private/vendor/laravel/framework/src/Illuminate/Routing/Pipeline.php(53): Illuminate\\Pipeline\\Pipeline->Illuminate\\Pipeline\\{closure}()
#39 /home/pd/Desktop/Me/Projects/HMS/totalhms-backend/private/vendor/laravel/framework/src/Illuminate/Foundation/Http/Middleware/ValidatePostSize.php(27): Illuminate\\Routing\\Pipeline->Illuminate\\Routing\\{closure}()
#40 /home/pd/Desktop/Me/Projects/HMS/totalhms-backend/private/vendor/laravel/framework/src/Illuminate/Pipeline/Pipeline.php(163): Illuminate\\Foundation\\Http\\Middleware\\ValidatePostSize->handle()
#41 /home/pd/Desktop/Me/Projects/HMS/totalhms-backend/private/vendor/laravel/framework/src/Illuminate/Routing/Pipeline.php(53): Illuminate\\Pipeline\\Pipeline->Illuminate\\Pipeline\\{closure}()
#42 /home/pd/Desktop/Me/Projects/HMS/totalhms-backend/private/vendor/laravel/framework/src/Illuminate/Foundation/Http/Middleware/CheckForMaintenanceMode.php(62): Illuminate\\Routing\\Pipeline->Illuminate\\Routing\\{closure}()
#43 /home/pd/Desktop/Me/Projects/HMS/totalhms-backend/private/vendor/laravel/framework/src/Illuminate/Pipeline/Pipeline.php(163): Illuminate\\Foundation\\Http\\Middleware\\CheckForMaintenanceMode->handle()
#44 /home/pd/Desktop/Me/Projects/HMS/totalhms-backend/private/vendor/laravel/framework/src/Illuminate/Routing/Pipeline.php(53): Illuminate\\Pipeline\\Pipeline->Illuminate\\Pipeline\\{closure}()
#45 /home/pd/Desktop/Me/Projects/HMS/totalhms-backend/private/vendor/fruitcake/laravel-cors/src/HandleCors.php(58): Illuminate\\Routing\\Pipeline->Illuminate\\Routing\\{closure}()
#46 /home/pd/Desktop/Me/Projects/HMS/totalhms-backend/private/vendor/laravel/framework/src/Illuminate/Pipeline/Pipeline.php(163): Fruitcake\\Cors\\HandleCors->handle()
#47 /home/pd/Desktop/Me/Projects/HMS/totalhms-backend/private/vendor/laravel/framework/src/Illuminate/Routing/Pipeline.php(53): Illuminate\\Pipeline\\Pipeline->Illuminate\\Pipeline\\{closure}()
#48 /home/pd/Desktop/Me/Projects/HMS/totalhms-backend/private/vendor/laravel/framework/src/Illuminate/Pipeline/Pipeline.php(104): Illuminate\\Routing\\Pipeline->Illuminate\\Routing\\{closure}()
#49 /home/pd/Desktop/Me/Projects/HMS/totalhms-backend/private/vendor/laravel/framework/src/Illuminate/Foundation/Http/Kernel.php(151): Illuminate\\Pipeline\\Pipeline->then()
#50 /home/pd/Desktop/Me/Projects/HMS/totalhms-backend/private/vendor/laravel/framework/src/Illuminate/Foundation/Http/Kernel.php(116): Illuminate\\Foundation\\Http\\Kernel->sendRequestThroughRouter()
#51 /home/pd/Desktop/Me/Projects/HMS/totalhms-backend/private/public/index.php(57): Illuminate\\Foundation\\Http\\Kernel->handle()
#52 /home/pd/Desktop/Me/Projects/HMS/totalhms-backend/private/server.php(21): require_once('/home/pd/Deskto...')
#53 {main}
"} 
[2023-11-02 06:46:20] local.ERROR: Trying to get property 'type' of non-object {"userId":2,"exception":"[object] (ErrorException(code: 0): Trying to get property 'type' of non-object at /home/pd/Desktop/Me/Projects/HMS/totalhms-backend/private/app/Http/Controllers/StatementController.php:231)
[stacktrace]
#0 /home/pd/Desktop/Me/Projects/HMS/totalhms-backend/private/app/Http/Controllers/StatementController.php(231): Illuminate\\Foundation\\Bootstrap\\HandleExceptions->handleError()
#1 [internal function]: App\\Http\\Controllers\\StatementController->index()
#2 /home/pd/Desktop/Me/Projects/HMS/totalhms-backend/private/vendor/laravel/framework/src/Illuminate/Routing/Controller.php(54): call_user_func_array()
#3 /home/pd/Desktop/Me/Projects/HMS/totalhms-backend/private/vendor/laravel/framework/src/Illuminate/Routing/ControllerDispatcher.php(45): Illuminate\\Routing\\Controller->callAction()
#4 /home/pd/Desktop/Me/Projects/HMS/totalhms-backend/private/vendor/laravel/framework/src/Illuminate/Routing/Route.php(219): Illuminate\\Routing\\ControllerDispatcher->dispatch()
#5 /home/pd/Desktop/Me/Projects/HMS/totalhms-backend/private/vendor/laravel/framework/src/Illuminate/Routing/Route.php(176): Illuminate\\Routing\\Route->runController()
#6 /home/pd/Desktop/Me/Projects/HMS/totalhms-backend/private/vendor/laravel/framework/src/Illuminate/Routing/Router.php(680): Illuminate\\Routing\\Route->run()
#7 /home/pd/Desktop/Me/Projects/HMS/totalhms-backend/private/vendor/laravel/framework/src/Illuminate/Routing/Pipeline.php(30): Illuminate\\Routing\\Router->Illuminate\\Routing\\{closure}()
#8 /home/pd/Desktop/Me/Projects/HMS/totalhms-backend/private/app/Http/Middleware/JwtMiddleware.php(40): Illuminate\\Routing\\Pipeline->Illuminate\\Routing\\{closure}()
#9 /home/pd/Desktop/Me/Projects/HMS/totalhms-backend/private/vendor/laravel/framework/src/Illuminate/Pipeline/Pipeline.php(163): App\\Http\\Middleware\\JwtMiddleware->handle()
#10 /home/pd/Desktop/Me/Projects/HMS/totalhms-backend/private/vendor/laravel/framework/src/Illuminate/Routing/Pipeline.php(53): Illuminate\\Pipeline\\Pipeline->Illuminate\\Pipeline\\{closure}()
#11 /home/pd/Desktop/Me/Projects/HMS/totalhms-backend/private/vendor/laravel/framework/src/Illuminate/Routing/Middleware/SubstituteBindings.php(41): Illuminate\\Routing\\Pipeline->Illuminate\\Routing\\{closure}()
#12 /home/pd/Desktop/Me/Projects/HMS/totalhms-backend/private/vendor/laravel/framework/src/Illuminate/Pipeline/Pipeline.php(163): Illuminate\\Routing\\Middleware\\SubstituteBindings->handle()
#13 /home/pd/Desktop/Me/Projects/HMS/totalhms-backend/private/vendor/laravel/framework/src/Illuminate/Routing/Pipeline.php(53): Illuminate\\Pipeline\\Pipeline->Illuminate\\Pipeline\\{closure}()
#14 /home/pd/Desktop/Me/Projects/HMS/totalhms-backend/private/app/Http/Middleware/Localization.php(20): Illuminate\\Routing\\Pipeline->Illuminate\\Routing\\{closure}()
#15 /home/pd/Desktop/Me/Projects/HMS/totalhms-backend/private/vendor/laravel/framework/src/Illuminate/Pipeline/Pipeline.php(163): App\\Http\\Middleware\\Localization->handle()
#16 /home/pd/Desktop/Me/Projects/HMS/totalhms-backend/private/vendor/laravel/framework/src/Illuminate/Routing/Pipeline.php(53): Illuminate\\Pipeline\\Pipeline->Illuminate\\Pipeline\\{closure}()
#17 /home/pd/Desktop/Me/Projects/HMS/totalhms-backend/private/vendor/laravel/framework/src/Illuminate/Routing/Middleware/ThrottleRequests.php(58): Illuminate\\Routing\\Pipeline->Illuminate\\Routing\\{closure}()
#18 /home/pd/Desktop/Me/Projects/HMS/totalhms-backend/private/vendor/laravel/framework/src/Illuminate/Pipeline/Pipeline.php(163): Illuminate\\Routing\\Middleware\\ThrottleRequests->handle()
#19 /home/pd/Desktop/Me/Projects/HMS/totalhms-backend/private/vendor/laravel/framework/src/Illuminate/Routing/Pipeline.php(53): Illuminate\\Pipeline\\Pipeline->Illuminate\\Pipeline\\{closure}()
#20 /home/pd/Desktop/Me/Projects/HMS/totalhms-backend/private/vendor/laravel/framework/src/Illuminate/Pipeline/Pipeline.php(104): Illuminate\\Routing\\Pipeline->Illuminate\\Routing\\{closure}()
#21 /home/pd/Desktop/Me/Projects/HMS/totalhms-backend/private/vendor/laravel/framework/src/Illuminate/Routing/Router.php(682): Illuminate\\Pipeline\\Pipeline->then()
#22 /home/pd/Desktop/Me/Projects/HMS/totalhms-backend/private/vendor/laravel/framework/src/Illuminate/Routing/Router.php(657): Illuminate\\Routing\\Router->runRouteWithinStack()
#23 /home/pd/Desktop/Me/Projects/HMS/totalhms-backend/private/vendor/laravel/framework/src/Illuminate/Routing/Router.php(623): Illuminate\\Routing\\Router->runRoute()
#24 /home/pd/Desktop/Me/Projects/HMS/totalhms-backend/private/vendor/laravel/framework/src/Illuminate/Routing/Router.php(612): Illuminate\\Routing\\Router->dispatchToRoute()
#25 /home/pd/Desktop/Me/Projects/HMS/totalhms-backend/private/vendor/laravel/framework/src/Illuminate/Foundation/Http/Kernel.php(176): Illuminate\\Routing\\Router->dispatch()
#26 /home/pd/Desktop/Me/Projects/HMS/totalhms-backend/private/vendor/laravel/framework/src/Illuminate/Routing/Pipeline.php(30): Illuminate\\Foundation\\Http\\Kernel->Illuminate\\Foundation\\Http\\{closure}()
#27 /home/pd/Desktop/Me/Projects/HMS/totalhms-backend/private/vendor/barryvdh/laravel-debugbar/src/Middleware/InjectDebugbar.php(65): Illuminate\\Routing\\Pipeline->Illuminate\\Routing\\{closure}()
#28 /home/pd/Desktop/Me/Projects/HMS/totalhms-backend/private/vendor/laravel/framework/src/Illuminate/Pipeline/Pipeline.php(163): Barryvdh\\Debugbar\\Middleware\\InjectDebugbar->handle()
#29 /home/pd/Desktop/Me/Projects/HMS/totalhms-backend/private/vendor/laravel/framework/src/Illuminate/Routing/Pipeline.php(53): Illuminate\\Pipeline\\Pipeline->Illuminate\\Pipeline\\{closure}()
#30 /home/pd/Desktop/Me/Projects/HMS/totalhms-backend/private/vendor/fideloper/proxy/src/TrustProxies.php(57): Illuminate\\Routing\\Pipeline->Illuminate\\Routing\\{closure}()
#31 /home/pd/Desktop/Me/Projects/HMS/totalhms-backend/private/vendor/laravel/framework/src/Illuminate/Pipeline/Pipeline.php(163): Fideloper\\Proxy\\TrustProxies->handle()
#32 /home/pd/Desktop/Me/Projects/HMS/totalhms-backend/private/vendor/laravel/framework/src/Illuminate/Routing/Pipeline.php(53): Illuminate\\Pipeline\\Pipeline->Illuminate\\Pipeline\\{closure}()
#33 /home/pd/Desktop/Me/Projects/HMS/totalhms-backend/private/vendor/laravel/framework/src/Illuminate/Foundation/Http/Middleware/TransformsRequest.php(21): Illuminate\\Routing\\Pipeline->Illuminate\\Routing\\{closure}()
#34 /home/pd/Desktop/Me/Projects/HMS/totalhms-backend/private/vendor/laravel/framework/src/Illuminate/Pipeline/Pipeline.php(163): Illuminate\\Foundation\\Http\\Middleware\\TransformsRequest->handle()
#35 /home/pd/Desktop/Me/Projects/HMS/totalhms-backend/private/vendor/laravel/framework/src/Illuminate/Routing/Pipeline.php(53): Illuminate\\Pipeline\\Pipeline->Illuminate\\Pipeline\\{closure}()
#36 /home/pd/Desktop/Me/Projects/HMS/totalhms-backend/private/vendor/laravel/framework/src/Illuminate/Foundation/Http/Middleware/TransformsRequest.php(21): Illuminate\\Routing\\Pipeline->Illuminate\\Routing\\{closure}()
#37 /home/pd/Desktop/Me/Projects/HMS/totalhms-backend/private/vendor/laravel/framework/src/Illuminate/Pipeline/Pipeline.php(163): Illuminate\\Foundation\\Http\\Middleware\\TransformsRequest->handle()
#38 /home/pd/Desktop/Me/Projects/HMS/totalhms-backend/private/vendor/laravel/framework/src/Illuminate/Routing/Pipeline.php(53): Illuminate\\Pipeline\\Pipeline->Illuminate\\Pipeline\\{closure}()
#39 /home/pd/Desktop/Me/Projects/HMS/totalhms-backend/private/vendor/laravel/framework/src/Illuminate/Foundation/Http/Middleware/ValidatePostSize.php(27): Illuminate\\Routing\\Pipeline->Illuminate\\Routing\\{closure}()
#40 /home/pd/Desktop/Me/Projects/HMS/totalhms-backend/private/vendor/laravel/framework/src/Illuminate/Pipeline/Pipeline.php(163): Illuminate\\Foundation\\Http\\Middleware\\ValidatePostSize->handle()
#41 /home/pd/Desktop/Me/Projects/HMS/totalhms-backend/private/vendor/laravel/framework/src/Illuminate/Routing/Pipeline.php(53): Illuminate\\Pipeline\\Pipeline->Illuminate\\Pipeline\\{closure}()
#42 /home/pd/Desktop/Me/Projects/HMS/totalhms-backend/private/vendor/laravel/framework/src/Illuminate/Foundation/Http/Middleware/CheckForMaintenanceMode.php(62): Illuminate\\Routing\\Pipeline->Illuminate\\Routing\\{closure}()
#43 /home/pd/Desktop/Me/Projects/HMS/totalhms-backend/private/vendor/laravel/framework/src/Illuminate/Pipeline/Pipeline.php(163): Illuminate\\Foundation\\Http\\Middleware\\CheckForMaintenanceMode->handle()
#44 /home/pd/Desktop/Me/Projects/HMS/totalhms-backend/private/vendor/laravel/framework/src/Illuminate/Routing/Pipeline.php(53): Illuminate\\Pipeline\\Pipeline->Illuminate\\Pipeline\\{closure}()
#45 /home/pd/Desktop/Me/Projects/HMS/totalhms-backend/private/vendor/fruitcake/laravel-cors/src/HandleCors.php(58): Illuminate\\Routing\\Pipeline->Illuminate\\Routing\\{closure}()
#46 /home/pd/Desktop/Me/Projects/HMS/totalhms-backend/private/vendor/laravel/framework/src/Illuminate/Pipeline/Pipeline.php(163): Fruitcake\\Cors\\HandleCors->handle()
#47 /home/pd/Desktop/Me/Projects/HMS/totalhms-backend/private/vendor/laravel/framework/src/Illuminate/Routing/Pipeline.php(53): Illuminate\\Pipeline\\Pipeline->Illuminate\\Pipeline\\{closure}()
#48 /home/pd/Desktop/Me/Projects/HMS/totalhms-backend/private/vendor/laravel/framework/src/Illuminate/Pipeline/Pipeline.php(104): Illuminate\\Routing\\Pipeline->Illuminate\\Routing\\{closure}()
#49 /home/pd/Desktop/Me/Projects/HMS/totalhms-backend/private/vendor/laravel/framework/src/Illuminate/Foundation/Http/Kernel.php(151): Illuminate\\Pipeline\\Pipeline->then()
#50 /home/pd/Desktop/Me/Projects/HMS/totalhms-backend/private/vendor/laravel/framework/src/Illuminate/Foundation/Http/Kernel.php(116): Illuminate\\Foundation\\Http\\Kernel->sendRequestThroughRouter()
#51 /home/pd/Desktop/Me/Projects/HMS/totalhms-backend/private/public/index.php(57): Illuminate\\Foundation\\Http\\Kernel->handle()
#52 /home/pd/Desktop/Me/Projects/HMS/totalhms-backend/private/server.php(21): require_once('/home/pd/Deskto...')
#53 {main}
"} 
[2023-11-02 06:55:34] local.ERROR: Trying to get property 'type' of non-object {"userId":2,"exception":"[object] (ErrorException(code: 0): Trying to get property 'type' of non-object at /home/pd/Desktop/Me/Projects/HMS/totalhms-backend/private/app/Http/Controllers/StatementController.php:231)
[stacktrace]
#0 /home/pd/Desktop/Me/Projects/HMS/totalhms-backend/private/app/Http/Controllers/StatementController.php(231): Illuminate\\Foundation\\Bootstrap\\HandleExceptions->handleError()
#1 [internal function]: App\\Http\\Controllers\\StatementController->index()
#2 /home/pd/Desktop/Me/Projects/HMS/totalhms-backend/private/vendor/laravel/framework/src/Illuminate/Routing/Controller.php(54): call_user_func_array()
#3 /home/pd/Desktop/Me/Projects/HMS/totalhms-backend/private/vendor/laravel/framework/src/Illuminate/Routing/ControllerDispatcher.php(45): Illuminate\\Routing\\Controller->callAction()
#4 /home/pd/Desktop/Me/Projects/HMS/totalhms-backend/private/vendor/laravel/framework/src/Illuminate/Routing/Route.php(219): Illuminate\\Routing\\ControllerDispatcher->dispatch()
#5 /home/pd/Desktop/Me/Projects/HMS/totalhms-backend/private/vendor/laravel/framework/src/Illuminate/Routing/Route.php(176): Illuminate\\Routing\\Route->runController()
#6 /home/pd/Desktop/Me/Projects/HMS/totalhms-backend/private/vendor/laravel/framework/src/Illuminate/Routing/Router.php(680): Illuminate\\Routing\\Route->run()
#7 /home/pd/Desktop/Me/Projects/HMS/totalhms-backend/private/vendor/laravel/framework/src/Illuminate/Routing/Pipeline.php(30): Illuminate\\Routing\\Router->Illuminate\\Routing\\{closure}()
#8 /home/pd/Desktop/Me/Projects/HMS/totalhms-backend/private/app/Http/Middleware/JwtMiddleware.php(40): Illuminate\\Routing\\Pipeline->Illuminate\\Routing\\{closure}()
#9 /home/pd/Desktop/Me/Projects/HMS/totalhms-backend/private/vendor/laravel/framework/src/Illuminate/Pipeline/Pipeline.php(163): App\\Http\\Middleware\\JwtMiddleware->handle()
#10 /home/pd/Desktop/Me/Projects/HMS/totalhms-backend/private/vendor/laravel/framework/src/Illuminate/Routing/Pipeline.php(53): Illuminate\\Pipeline\\Pipeline->Illuminate\\Pipeline\\{closure}()
#11 /home/pd/Desktop/Me/Projects/HMS/totalhms-backend/private/vendor/laravel/framework/src/Illuminate/Routing/Middleware/SubstituteBindings.php(41): Illuminate\\Routing\\Pipeline->Illuminate\\Routing\\{closure}()
#12 /home/pd/Desktop/Me/Projects/HMS/totalhms-backend/private/vendor/laravel/framework/src/Illuminate/Pipeline/Pipeline.php(163): Illuminate\\Routing\\Middleware\\SubstituteBindings->handle()
#13 /home/pd/Desktop/Me/Projects/HMS/totalhms-backend/private/vendor/laravel/framework/src/Illuminate/Routing/Pipeline.php(53): Illuminate\\Pipeline\\Pipeline->Illuminate\\Pipeline\\{closure}()
#14 /home/pd/Desktop/Me/Projects/HMS/totalhms-backend/private/app/Http/Middleware/Localization.php(20): Illuminate\\Routing\\Pipeline->Illuminate\\Routing\\{closure}()
#15 /home/pd/Desktop/Me/Projects/HMS/totalhms-backend/private/vendor/laravel/framework/src/Illuminate/Pipeline/Pipeline.php(163): App\\Http\\Middleware\\Localization->handle()
#16 /home/pd/Desktop/Me/Projects/HMS/totalhms-backend/private/vendor/laravel/framework/src/Illuminate/Routing/Pipeline.php(53): Illuminate\\Pipeline\\Pipeline->Illuminate\\Pipeline\\{closure}()
#17 /home/pd/Desktop/Me/Projects/HMS/totalhms-backend/private/vendor/laravel/framework/src/Illuminate/Routing/Middleware/ThrottleRequests.php(58): Illuminate\\Routing\\Pipeline->Illuminate\\Routing\\{closure}()
#18 /home/pd/Desktop/Me/Projects/HMS/totalhms-backend/private/vendor/laravel/framework/src/Illuminate/Pipeline/Pipeline.php(163): Illuminate\\Routing\\Middleware\\ThrottleRequests->handle()
#19 /home/pd/Desktop/Me/Projects/HMS/totalhms-backend/private/vendor/laravel/framework/src/Illuminate/Routing/Pipeline.php(53): Illuminate\\Pipeline\\Pipeline->Illuminate\\Pipeline\\{closure}()
#20 /home/pd/Desktop/Me/Projects/HMS/totalhms-backend/private/vendor/laravel/framework/src/Illuminate/Pipeline/Pipeline.php(104): Illuminate\\Routing\\Pipeline->Illuminate\\Routing\\{closure}()
#21 /home/pd/Desktop/Me/Projects/HMS/totalhms-backend/private/vendor/laravel/framework/src/Illuminate/Routing/Router.php(682): Illuminate\\Pipeline\\Pipeline->then()
#22 /home/pd/Desktop/Me/Projects/HMS/totalhms-backend/private/vendor/laravel/framework/src/Illuminate/Routing/Router.php(657): Illuminate\\Routing\\Router->runRouteWithinStack()
#23 /home/pd/Desktop/Me/Projects/HMS/totalhms-backend/private/vendor/laravel/framework/src/Illuminate/Routing/Router.php(623): Illuminate\\Routing\\Router->runRoute()
#24 /home/pd/Desktop/Me/Projects/HMS/totalhms-backend/private/vendor/laravel/framework/src/Illuminate/Routing/Router.php(612): Illuminate\\Routing\\Router->dispatchToRoute()
#25 /home/pd/Desktop/Me/Projects/HMS/totalhms-backend/private/vendor/laravel/framework/src/Illuminate/Foundation/Http/Kernel.php(176): Illuminate\\Routing\\Router->dispatch()
#26 /home/pd/Desktop/Me/Projects/HMS/totalhms-backend/private/vendor/laravel/framework/src/Illuminate/Routing/Pipeline.php(30): Illuminate\\Foundation\\Http\\Kernel->Illuminate\\Foundation\\Http\\{closure}()
#27 /home/pd/Desktop/Me/Projects/HMS/totalhms-backend/private/vendor/barryvdh/laravel-debugbar/src/Middleware/InjectDebugbar.php(65): Illuminate\\Routing\\Pipeline->Illuminate\\Routing\\{closure}()
#28 /home/pd/Desktop/Me/Projects/HMS/totalhms-backend/private/vendor/laravel/framework/src/Illuminate/Pipeline/Pipeline.php(163): Barryvdh\\Debugbar\\Middleware\\InjectDebugbar->handle()
#29 /home/pd/Desktop/Me/Projects/HMS/totalhms-backend/private/vendor/laravel/framework/src/Illuminate/Routing/Pipeline.php(53): Illuminate\\Pipeline\\Pipeline->Illuminate\\Pipeline\\{closure}()
#30 /home/pd/Desktop/Me/Projects/HMS/totalhms-backend/private/vendor/fideloper/proxy/src/TrustProxies.php(57): Illuminate\\Routing\\Pipeline->Illuminate\\Routing\\{closure}()
#31 /home/pd/Desktop/Me/Projects/HMS/totalhms-backend/private/vendor/laravel/framework/src/Illuminate/Pipeline/Pipeline.php(163): Fideloper\\Proxy\\TrustProxies->handle()
#32 /home/pd/Desktop/Me/Projects/HMS/totalhms-backend/private/vendor/laravel/framework/src/Illuminate/Routing/Pipeline.php(53): Illuminate\\Pipeline\\Pipeline->Illuminate\\Pipeline\\{closure}()
#33 /home/pd/Desktop/Me/Projects/HMS/totalhms-backend/private/vendor/laravel/framework/src/Illuminate/Foundation/Http/Middleware/TransformsRequest.php(21): Illuminate\\Routing\\Pipeline->Illuminate\\Routing\\{closure}()
#34 /home/pd/Desktop/Me/Projects/HMS/totalhms-backend/private/vendor/laravel/framework/src/Illuminate/Pipeline/Pipeline.php(163): Illuminate\\Foundation\\Http\\Middleware\\TransformsRequest->handle()
#35 /home/pd/Desktop/Me/Projects/HMS/totalhms-backend/private/vendor/laravel/framework/src/Illuminate/Routing/Pipeline.php(53): Illuminate\\Pipeline\\Pipeline->Illuminate\\Pipeline\\{closure}()
#36 /home/pd/Desktop/Me/Projects/HMS/totalhms-backend/private/vendor/laravel/framework/src/Illuminate/Foundation/Http/Middleware/TransformsRequest.php(21): Illuminate\\Routing\\Pipeline->Illuminate\\Routing\\{closure}()
#37 /home/pd/Desktop/Me/Projects/HMS/totalhms-backend/private/vendor/laravel/framework/src/Illuminate/Pipeline/Pipeline.php(163): Illuminate\\Foundation\\Http\\Middleware\\TransformsRequest->handle()
#38 /home/pd/Desktop/Me/Projects/HMS/totalhms-backend/private/vendor/laravel/framework/src/Illuminate/Routing/Pipeline.php(53): Illuminate\\Pipeline\\Pipeline->Illuminate\\Pipeline\\{closure}()
#39 /home/pd/Desktop/Me/Projects/HMS/totalhms-backend/private/vendor/laravel/framework/src/Illuminate/Foundation/Http/Middleware/ValidatePostSize.php(27): Illuminate\\Routing\\Pipeline->Illuminate\\Routing\\{closure}()
#40 /home/pd/Desktop/Me/Projects/HMS/totalhms-backend/private/vendor/laravel/framework/src/Illuminate/Pipeline/Pipeline.php(163): Illuminate\\Foundation\\Http\\Middleware\\ValidatePostSize->handle()
#41 /home/pd/Desktop/Me/Projects/HMS/totalhms-backend/private/vendor/laravel/framework/src/Illuminate/Routing/Pipeline.php(53): Illuminate\\Pipeline\\Pipeline->Illuminate\\Pipeline\\{closure}()
#42 /home/pd/Desktop/Me/Projects/HMS/totalhms-backend/private/vendor/laravel/framework/src/Illuminate/Foundation/Http/Middleware/CheckForMaintenanceMode.php(62): Illuminate\\Routing\\Pipeline->Illuminate\\Routing\\{closure}()
#43 /home/pd/Desktop/Me/Projects/HMS/totalhms-backend/private/vendor/laravel/framework/src/Illuminate/Pipeline/Pipeline.php(163): Illuminate\\Foundation\\Http\\Middleware\\CheckForMaintenanceMode->handle()
#44 /home/pd/Desktop/Me/Projects/HMS/totalhms-backend/private/vendor/laravel/framework/src/Illuminate/Routing/Pipeline.php(53): Illuminate\\Pipeline\\Pipeline->Illuminate\\Pipeline\\{closure}()
#45 /home/pd/Desktop/Me/Projects/HMS/totalhms-backend/private/vendor/fruitcake/laravel-cors/src/HandleCors.php(58): Illuminate\\Routing\\Pipeline->Illuminate\\Routing\\{closure}()
#46 /home/pd/Desktop/Me/Projects/HMS/totalhms-backend/private/vendor/laravel/framework/src/Illuminate/Pipeline/Pipeline.php(163): Fruitcake\\Cors\\HandleCors->handle()
#47 /home/pd/Desktop/Me/Projects/HMS/totalhms-backend/private/vendor/laravel/framework/src/Illuminate/Routing/Pipeline.php(53): Illuminate\\Pipeline\\Pipeline->Illuminate\\Pipeline\\{closure}()
#48 /home/pd/Desktop/Me/Projects/HMS/totalhms-backend/private/vendor/laravel/framework/src/Illuminate/Pipeline/Pipeline.php(104): Illuminate\\Routing\\Pipeline->Illuminate\\Routing\\{closure}()
#49 /home/pd/Desktop/Me/Projects/HMS/totalhms-backend/private/vendor/laravel/framework/src/Illuminate/Foundation/Http/Kernel.php(151): Illuminate\\Pipeline\\Pipeline->then()
#50 /home/pd/Desktop/Me/Projects/HMS/totalhms-backend/private/vendor/laravel/framework/src/Illuminate/Foundation/Http/Kernel.php(116): Illuminate\\Foundation\\Http\\Kernel->sendRequestThroughRouter()
#51 /home/pd/Desktop/Me/Projects/HMS/totalhms-backend/private/public/index.php(57): Illuminate\\Foundation\\Http\\Kernel->handle()
#52 /home/pd/Desktop/Me/Projects/HMS/totalhms-backend/private/server.php(21): require_once('/home/pd/Deskto...')
#53 {main}
"} 
